CRITICAL - 2024-05-05 06:50:52 --> ErrorException: Undefined variable $PUBLICPATH
[Method: GET, Route: /]
in APPPATH/Views/home.php on line 48.
 1 APPPATH/Views/home.php(48): CodeIgniter\Debug\Exceptions->errorHandler()
 2 SYSTEMPATH/View/View.php(234): include('/home/cyriaque/Projets/Web/php/proxy/app/Views/home.php')
 3 SYSTEMPATH/View/View.php(237): CodeIgniter\View\View->CodeIgniter\View\{closure}()
 4 SYSTEMPATH/Common.php(1171): CodeIgniter\View\View->render()
 5 APPPATH/Controllers/Home.php(9): view()
 6 SYSTEMPATH/CodeIgniter.php(933): App\Controllers\Home->index()
 7 SYSTEMPATH/CodeIgniter.php(509): CodeIgniter\CodeIgniter->runController()
 8 SYSTEMPATH/CodeIgniter.php(355): CodeIgniter\CodeIgniter->handleRequest()
 9 SYSTEMPATH/Boot.php(312): CodeIgniter\CodeIgniter->run()
10 SYSTEMPATH/Boot.php(67): CodeIgniter\Boot::runCodeIgniter()
11 FCPATH/index.php(56): CodeIgniter\Boot::bootWeb()
CRITICAL - 2024-05-05 06:51:02 --> Error: Undefined constant "PUBLICPATH"
[Method: GET, Route: /]
in APPPATH/Views/home.php on line 48.
 1 SYSTEMPATH/View/View.php(234): include()
 2 SYSTEMPATH/View/View.php(237): CodeIgniter\View\View->CodeIgniter\View\{closure}()
 3 SYSTEMPATH/Common.php(1171): CodeIgniter\View\View->render()
 4 APPPATH/Controllers/Home.php(9): view()
 5 SYSTEMPATH/CodeIgniter.php(933): App\Controllers\Home->index()
 6 SYSTEMPATH/CodeIgniter.php(509): CodeIgniter\CodeIgniter->runController()
 7 SYSTEMPATH/CodeIgniter.php(355): CodeIgniter\CodeIgniter->handleRequest()
 8 SYSTEMPATH/Boot.php(312): CodeIgniter\CodeIgniter->run()
 9 SYSTEMPATH/Boot.php(67): CodeIgniter\Boot::runCodeIgniter()
10 FCPATH/index.php(56): CodeIgniter\Boot::bootWeb()
CRITICAL - 2024-05-05 16:01:33 --> mysqli_sql_exception: No such file or directory
[Method: POST, Route: acl/history]
in APPPATH/Views/acl/history.php on line 21.
 1 APPPATH/Views/acl/history.php(21): mysqli_connect()
 2 APPPATH/Views/acl/history.php(9): return_history()
 3 SYSTEMPATH/View/View.php(234): include('/home/cyriaque/Projets/Web/php/proxy/app/Views/acl/history.php')
 4 SYSTEMPATH/View/View.php(237): CodeIgniter\View\View->CodeIgniter\View\{closure}()
 5 SYSTEMPATH/Common.php(1171): CodeIgniter\View\View->render()
 6 APPPATH/Controllers/Acl.php(24): view()
 7 SYSTEMPATH/CodeIgniter.php(933): App\Controllers\Acl->history()
 8 SYSTEMPATH/CodeIgniter.php(509): CodeIgniter\CodeIgniter->runController()
 9 SYSTEMPATH/CodeIgniter.php(355): CodeIgniter\CodeIgniter->handleRequest()
10 SYSTEMPATH/Boot.php(312): CodeIgniter\CodeIgniter->run()
11 SYSTEMPATH/Boot.php(67): CodeIgniter\Boot::runCodeIgniter()
12 FCPATH/index.php(56): CodeIgniter\Boot::bootWeb()
CRITICAL - 2024-05-05 16:04:32 --> mysqli_sql_exception: No such file or directory
[Method: POST, Route: acl/history]
in APPPATH/Views/acl/history.php on line 21.
 1 APPPATH/Views/acl/history.php(21): mysqli_connect()
 2 APPPATH/Views/acl/history.php(9): return_history()
 3 SYSTEMPATH/View/View.php(234): include('/home/cyriaque/Projets/Web/php/proxy/app/Views/acl/history.php')
 4 SYSTEMPATH/View/View.php(237): CodeIgniter\View\View->CodeIgniter\View\{closure}()
 5 SYSTEMPATH/Common.php(1171): CodeIgniter\View\View->render()
 6 APPPATH/Controllers/Acl.php(24): view()
 7 SYSTEMPATH/CodeIgniter.php(933): App\Controllers\Acl->history()
 8 SYSTEMPATH/CodeIgniter.php(509): CodeIgniter\CodeIgniter->runController()
 9 SYSTEMPATH/CodeIgniter.php(355): CodeIgniter\CodeIgniter->handleRequest()
10 SYSTEMPATH/Boot.php(312): CodeIgniter\CodeIgniter->run()
11 SYSTEMPATH/Boot.php(67): CodeIgniter\Boot::runCodeIgniter()
12 FCPATH/index.php(56): CodeIgniter\Boot::bootWeb()
CRITICAL - 2024-05-05 16:06:15 --> mysqli_sql_exception: No such file or directory
[Method: POST, Route: acl/history]
in APPPATH/Views/acl/history.php on line 21.
 1 APPPATH/Views/acl/history.php(21): mysqli_connect()
 2 APPPATH/Views/acl/history.php(9): return_history()
 3 SYSTEMPATH/View/View.php(234): include('/home/cyriaque/Projets/Web/php/proxy/app/Views/acl/history.php')
 4 SYSTEMPATH/View/View.php(237): CodeIgniter\View\View->CodeIgniter\View\{closure}()
 5 SYSTEMPATH/Common.php(1171): CodeIgniter\View\View->render()
 6 APPPATH/Controllers/Acl.php(24): view()
 7 SYSTEMPATH/CodeIgniter.php(933): App\Controllers\Acl->history()
 8 SYSTEMPATH/CodeIgniter.php(509): CodeIgniter\CodeIgniter->runController()
 9 SYSTEMPATH/CodeIgniter.php(355): CodeIgniter\CodeIgniter->handleRequest()
10 SYSTEMPATH/Boot.php(312): CodeIgniter\CodeIgniter->run()
11 SYSTEMPATH/Boot.php(67): CodeIgniter\Boot::runCodeIgniter()
12 FCPATH/index.php(56): CodeIgniter\Boot::bootWeb()
CRITICAL - 2024-05-05 16:06:16 --> mysqli_sql_exception: No such file or directory
[Method: POST, Route: acl/history]
in APPPATH/Views/acl/history.php on line 21.
 1 APPPATH/Views/acl/history.php(21): mysqli_connect()
 2 APPPATH/Views/acl/history.php(9): return_history()
 3 SYSTEMPATH/View/View.php(234): include('/home/cyriaque/Projets/Web/php/proxy/app/Views/acl/history.php')
 4 SYSTEMPATH/View/View.php(237): CodeIgniter\View\View->CodeIgniter\View\{closure}()
 5 SYSTEMPATH/Common.php(1171): CodeIgniter\View\View->render()
 6 APPPATH/Controllers/Acl.php(24): view()
 7 SYSTEMPATH/CodeIgniter.php(933): App\Controllers\Acl->history()
 8 SYSTEMPATH/CodeIgniter.php(509): CodeIgniter\CodeIgniter->runController()
 9 SYSTEMPATH/CodeIgniter.php(355): CodeIgniter\CodeIgniter->handleRequest()
10 SYSTEMPATH/Boot.php(312): CodeIgniter\CodeIgniter->run()
11 SYSTEMPATH/Boot.php(67): CodeIgniter\Boot::runCodeIgniter()
12 FCPATH/index.php(56): CodeIgniter\Boot::bootWeb()
CRITICAL - 2024-05-05 16:07:03 --> mysqli_sql_exception: No such file or directory
[Method: POST, Route: acl/history]
in APPPATH/Views/acl/history.php on line 21.
 1 APPPATH/Views/acl/history.php(21): mysqli_connect()
 2 APPPATH/Views/acl/history.php(9): return_history()
 3 SYSTEMPATH/View/View.php(234): include('/home/cyriaque/Projets/Web/php/proxy/app/Views/acl/history.php')
 4 SYSTEMPATH/View/View.php(237): CodeIgniter\View\View->CodeIgniter\View\{closure}()
 5 SYSTEMPATH/Common.php(1171): CodeIgniter\View\View->render()
 6 APPPATH/Controllers/Acl.php(24): view()
 7 SYSTEMPATH/CodeIgniter.php(933): App\Controllers\Acl->history()
 8 SYSTEMPATH/CodeIgniter.php(509): CodeIgniter\CodeIgniter->runController()
 9 SYSTEMPATH/CodeIgniter.php(355): CodeIgniter\CodeIgniter->handleRequest()
10 SYSTEMPATH/Boot.php(312): CodeIgniter\CodeIgniter->run()
11 SYSTEMPATH/Boot.php(67): CodeIgniter\Boot::runCodeIgniter()
12 FCPATH/index.php(56): CodeIgniter\Boot::bootWeb()
CRITICAL - 2024-05-05 16:07:04 --> mysqli_sql_exception: No such file or directory
[Method: POST, Route: acl/history]
in APPPATH/Views/acl/history.php on line 21.
 1 APPPATH/Views/acl/history.php(21): mysqli_connect()
 2 APPPATH/Views/acl/history.php(9): return_history()
 3 SYSTEMPATH/View/View.php(234): include('/home/cyriaque/Projets/Web/php/proxy/app/Views/acl/history.php')
 4 SYSTEMPATH/View/View.php(237): CodeIgniter\View\View->CodeIgniter\View\{closure}()
 5 SYSTEMPATH/Common.php(1171): CodeIgniter\View\View->render()
 6 APPPATH/Controllers/Acl.php(24): view()
 7 SYSTEMPATH/CodeIgniter.php(933): App\Controllers\Acl->history()
 8 SYSTEMPATH/CodeIgniter.php(509): CodeIgniter\CodeIgniter->runController()
 9 SYSTEMPATH/CodeIgniter.php(355): CodeIgniter\CodeIgniter->handleRequest()
10 SYSTEMPATH/Boot.php(312): CodeIgniter\CodeIgniter->run()
11 SYSTEMPATH/Boot.php(67): CodeIgniter\Boot::runCodeIgniter()
12 FCPATH/index.php(56): CodeIgniter\Boot::bootWeb()
CRITICAL - 2024-05-05 16:08:57 --> mysqli_sql_exception: No such file or directory
[Method: POST, Route: acl/history]
in APPPATH/Views/acl/history.php on line 21.
 1 APPPATH/Views/acl/history.php(21): mysqli_connect()
 2 APPPATH/Views/acl/history.php(9): return_history()
 3 SYSTEMPATH/View/View.php(234): include('/home/cyriaque/Projets/Web/php/proxy/app/Views/acl/history.php')
 4 SYSTEMPATH/View/View.php(237): CodeIgniter\View\View->CodeIgniter\View\{closure}()
 5 SYSTEMPATH/Common.php(1171): CodeIgniter\View\View->render()
 6 APPPATH/Controllers/Acl.php(24): view()
 7 SYSTEMPATH/CodeIgniter.php(933): App\Controllers\Acl->history()
 8 SYSTEMPATH/CodeIgniter.php(509): CodeIgniter\CodeIgniter->runController()
 9 SYSTEMPATH/CodeIgniter.php(355): CodeIgniter\CodeIgniter->handleRequest()
10 SYSTEMPATH/Boot.php(312): CodeIgniter\CodeIgniter->run()
11 SYSTEMPATH/Boot.php(67): CodeIgniter\Boot::runCodeIgniter()
12 FCPATH/index.php(56): CodeIgniter\Boot::bootWeb()
CRITICAL - 2024-05-05 16:08:57 --> mysqli_sql_exception: No such file or directory
[Method: POST, Route: acl/history]
in APPPATH/Views/acl/history.php on line 21.
 1 APPPATH/Views/acl/history.php(21): mysqli_connect()
 2 APPPATH/Views/acl/history.php(9): return_history()
 3 SYSTEMPATH/View/View.php(234): include('/home/cyriaque/Projets/Web/php/proxy/app/Views/acl/history.php')
 4 SYSTEMPATH/View/View.php(237): CodeIgniter\View\View->CodeIgniter\View\{closure}()
 5 SYSTEMPATH/Common.php(1171): CodeIgniter\View\View->render()
 6 APPPATH/Controllers/Acl.php(24): view()
 7 SYSTEMPATH/CodeIgniter.php(933): App\Controllers\Acl->history()
 8 SYSTEMPATH/CodeIgniter.php(509): CodeIgniter\CodeIgniter->runController()
 9 SYSTEMPATH/CodeIgniter.php(355): CodeIgniter\CodeIgniter->handleRequest()
10 SYSTEMPATH/Boot.php(312): CodeIgniter\CodeIgniter->run()
11 SYSTEMPATH/Boot.php(67): CodeIgniter\Boot::runCodeIgniter()
12 FCPATH/index.php(56): CodeIgniter\Boot::bootWeb()
CRITICAL - 2024-05-05 16:09:10 --> mysqli_sql_exception: No such file or directory
[Method: POST, Route: acl/history]
in APPPATH/Views/acl/history.php on line 21.
 1 APPPATH/Views/acl/history.php(21): mysqli_connect()
 2 APPPATH/Views/acl/history.php(9): return_history()
 3 SYSTEMPATH/View/View.php(234): include('/home/cyriaque/Projets/Web/php/proxy/app/Views/acl/history.php')
 4 SYSTEMPATH/View/View.php(237): CodeIgniter\View\View->CodeIgniter\View\{closure}()
 5 SYSTEMPATH/Common.php(1171): CodeIgniter\View\View->render()
 6 APPPATH/Controllers/Acl.php(24): view()
 7 SYSTEMPATH/CodeIgniter.php(933): App\Controllers\Acl->history()
 8 SYSTEMPATH/CodeIgniter.php(509): CodeIgniter\CodeIgniter->runController()
 9 SYSTEMPATH/CodeIgniter.php(355): CodeIgniter\CodeIgniter->handleRequest()
10 SYSTEMPATH/Boot.php(312): CodeIgniter\CodeIgniter->run()
11 SYSTEMPATH/Boot.php(67): CodeIgniter\Boot::runCodeIgniter()
12 FCPATH/index.php(56): CodeIgniter\Boot::bootWeb()
CRITICAL - 2024-05-05 16:09:11 --> mysqli_sql_exception: No such file or directory
[Method: POST, Route: acl/history]
in APPPATH/Views/acl/history.php on line 21.
 1 APPPATH/Views/acl/history.php(21): mysqli_connect()
 2 APPPATH/Views/acl/history.php(9): return_history()
 3 SYSTEMPATH/View/View.php(234): include('/home/cyriaque/Projets/Web/php/proxy/app/Views/acl/history.php')
 4 SYSTEMPATH/View/View.php(237): CodeIgniter\View\View->CodeIgniter\View\{closure}()
 5 SYSTEMPATH/Common.php(1171): CodeIgniter\View\View->render()
 6 APPPATH/Controllers/Acl.php(24): view()
 7 SYSTEMPATH/CodeIgniter.php(933): App\Controllers\Acl->history()
 8 SYSTEMPATH/CodeIgniter.php(509): CodeIgniter\CodeIgniter->runController()
 9 SYSTEMPATH/CodeIgniter.php(355): CodeIgniter\CodeIgniter->handleRequest()
10 SYSTEMPATH/Boot.php(312): CodeIgniter\CodeIgniter->run()
11 SYSTEMPATH/Boot.php(67): CodeIgniter\Boot::runCodeIgniter()
12 FCPATH/index.php(56): CodeIgniter\Boot::bootWeb()
CRITICAL - 2024-05-05 16:18:03 --> mysqli_sql_exception: No such file or directory
[Method: POST, Route: acl/history]
in APPPATH/Views/acl/history.php on line 21.
 1 APPPATH/Views/acl/history.php(21): mysqli_connect()
 2 APPPATH/Views/acl/history.php(9): return_history()
 3 SYSTEMPATH/View/View.php(234): include('/home/cyriaque/Projets/Web/php/proxy/app/Views/acl/history.php')
 4 SYSTEMPATH/View/View.php(237): CodeIgniter\View\View->CodeIgniter\View\{closure}()
 5 SYSTEMPATH/Common.php(1171): CodeIgniter\View\View->render()
 6 APPPATH/Controllers/Acl.php(24): view()
 7 SYSTEMPATH/CodeIgniter.php(933): App\Controllers\Acl->history()
 8 SYSTEMPATH/CodeIgniter.php(509): CodeIgniter\CodeIgniter->runController()
 9 SYSTEMPATH/CodeIgniter.php(355): CodeIgniter\CodeIgniter->handleRequest()
10 SYSTEMPATH/Boot.php(312): CodeIgniter\CodeIgniter->run()
11 SYSTEMPATH/Boot.php(67): CodeIgniter\Boot::runCodeIgniter()
12 FCPATH/index.php(56): CodeIgniter\Boot::bootWeb()
CRITICAL - 2024-05-05 16:19:50 --> mysqli_sql_exception: No such file or directory
[Method: POST, Route: acl/history]
in APPPATH/Views/acl/history.php on line 21.
 1 APPPATH/Views/acl/history.php(21): mysqli_connect()
 2 APPPATH/Views/acl/history.php(9): return_history()
 3 SYSTEMPATH/View/View.php(234): include('/home/cyriaque/Projets/Web/php/proxy/app/Views/acl/history.php')
 4 SYSTEMPATH/View/View.php(237): CodeIgniter\View\View->CodeIgniter\View\{closure}()
 5 SYSTEMPATH/Common.php(1171): CodeIgniter\View\View->render()
 6 APPPATH/Controllers/Acl.php(24): view()
 7 SYSTEMPATH/CodeIgniter.php(933): App\Controllers\Acl->history()
 8 SYSTEMPATH/CodeIgniter.php(509): CodeIgniter\CodeIgniter->runController()
 9 SYSTEMPATH/CodeIgniter.php(355): CodeIgniter\CodeIgniter->handleRequest()
10 SYSTEMPATH/Boot.php(312): CodeIgniter\CodeIgniter->run()
11 SYSTEMPATH/Boot.php(67): CodeIgniter\Boot::runCodeIgniter()
12 FCPATH/index.php(56): CodeIgniter\Boot::bootWeb()
CRITICAL - 2024-05-05 16:24:41 --> mysqli_sql_exception: No such file or directory
[Method: POST, Route: acl/history]
in APPPATH/Views/acl/history.php on line 21.
 1 APPPATH/Views/acl/history.php(21): mysqli_connect()
 2 APPPATH/Views/acl/history.php(9): return_history()
 3 SYSTEMPATH/View/View.php(234): include('/home/cyriaque/Projets/Web/php/proxy/app/Views/acl/history.php')
 4 SYSTEMPATH/View/View.php(237): CodeIgniter\View\View->CodeIgniter\View\{closure}()
 5 SYSTEMPATH/Common.php(1171): CodeIgniter\View\View->render()
 6 APPPATH/Controllers/Acl.php(24): view()
 7 SYSTEMPATH/CodeIgniter.php(933): App\Controllers\Acl->history()
 8 SYSTEMPATH/CodeIgniter.php(509): CodeIgniter\CodeIgniter->runController()
 9 SYSTEMPATH/CodeIgniter.php(355): CodeIgniter\CodeIgniter->handleRequest()
10 SYSTEMPATH/Boot.php(312): CodeIgniter\CodeIgniter->run()
11 SYSTEMPATH/Boot.php(67): CodeIgniter\Boot::runCodeIgniter()
12 FCPATH/index.php(56): CodeIgniter\Boot::bootWeb()
CRITICAL - 2024-05-05 16:25:43 --> mysqli_sql_exception: No such file or directory
[Method: POST, Route: acl/history]
in APPPATH/Views/acl/history.php on line 21.
 1 APPPATH/Views/acl/history.php(21): mysqli_connect()
 2 APPPATH/Views/acl/history.php(9): return_history()
 3 SYSTEMPATH/View/View.php(234): include('/home/cyriaque/Projets/Web/php/proxy/app/Views/acl/history.php')
 4 SYSTEMPATH/View/View.php(237): CodeIgniter\View\View->CodeIgniter\View\{closure}()
 5 SYSTEMPATH/Common.php(1171): CodeIgniter\View\View->render()
 6 APPPATH/Controllers/Acl.php(24): view()
 7 SYSTEMPATH/CodeIgniter.php(933): App\Controllers\Acl->history()
 8 SYSTEMPATH/CodeIgniter.php(509): CodeIgniter\CodeIgniter->runController()
 9 SYSTEMPATH/CodeIgniter.php(355): CodeIgniter\CodeIgniter->handleRequest()
10 SYSTEMPATH/Boot.php(312): CodeIgniter\CodeIgniter->run()
11 SYSTEMPATH/Boot.php(67): CodeIgniter\Boot::runCodeIgniter()
12 FCPATH/index.php(56): CodeIgniter\Boot::bootWeb()
CRITICAL - 2024-05-05 16:25:45 --> mysqli_sql_exception: No such file or directory
[Method: POST, Route: acl/history]
in APPPATH/Views/acl/history.php on line 21.
 1 APPPATH/Views/acl/history.php(21): mysqli_connect()
 2 APPPATH/Views/acl/history.php(9): return_history()
 3 SYSTEMPATH/View/View.php(234): include('/home/cyriaque/Projets/Web/php/proxy/app/Views/acl/history.php')
 4 SYSTEMPATH/View/View.php(237): CodeIgniter\View\View->CodeIgniter\View\{closure}()
 5 SYSTEMPATH/Common.php(1171): CodeIgniter\View\View->render()
 6 APPPATH/Controllers/Acl.php(24): view()
 7 SYSTEMPATH/CodeIgniter.php(933): App\Controllers\Acl->history()
 8 SYSTEMPATH/CodeIgniter.php(509): CodeIgniter\CodeIgniter->runController()
 9 SYSTEMPATH/CodeIgniter.php(355): CodeIgniter\CodeIgniter->handleRequest()
10 SYSTEMPATH/Boot.php(312): CodeIgniter\CodeIgniter->run()
11 SYSTEMPATH/Boot.php(67): CodeIgniter\Boot::runCodeIgniter()
12 FCPATH/index.php(56): CodeIgniter\Boot::bootWeb()
CRITICAL - 2024-05-05 16:25:48 --> mysqli_sql_exception: No such file or directory
[Method: POST, Route: acl/history]
in APPPATH/Views/acl/history.php on line 21.
 1 APPPATH/Views/acl/history.php(21): mysqli_connect()
 2 APPPATH/Views/acl/history.php(9): return_history()
 3 SYSTEMPATH/View/View.php(234): include('/home/cyriaque/Projets/Web/php/proxy/app/Views/acl/history.php')
 4 SYSTEMPATH/View/View.php(237): CodeIgniter\View\View->CodeIgniter\View\{closure}()
 5 SYSTEMPATH/Common.php(1171): CodeIgniter\View\View->render()
 6 APPPATH/Controllers/Acl.php(24): view()
 7 SYSTEMPATH/CodeIgniter.php(933): App\Controllers\Acl->history()
 8 SYSTEMPATH/CodeIgniter.php(509): CodeIgniter\CodeIgniter->runController()
 9 SYSTEMPATH/CodeIgniter.php(355): CodeIgniter\CodeIgniter->handleRequest()
10 SYSTEMPATH/Boot.php(312): CodeIgniter\CodeIgniter->run()
11 SYSTEMPATH/Boot.php(67): CodeIgniter\Boot::runCodeIgniter()
12 FCPATH/index.php(56): CodeIgniter\Boot::bootWeb()
CRITICAL - 2024-05-05 16:29:51 --> mysqli_sql_exception: No such file or directory
[Method: POST, Route: acl/history]
in APPPATH/Views/acl/history.php on line 21.
 1 APPPATH/Views/acl/history.php(21): mysqli_connect()
 2 APPPATH/Views/acl/history.php(9): return_history()
 3 SYSTEMPATH/View/View.php(234): include('/home/cyriaque/Projets/Web/php/proxy/app/Views/acl/history.php')
 4 SYSTEMPATH/View/View.php(237): CodeIgniter\View\View->CodeIgniter\View\{closure}()
 5 SYSTEMPATH/Common.php(1171): CodeIgniter\View\View->render()
 6 APPPATH/Controllers/Acl.php(24): view()
 7 SYSTEMPATH/CodeIgniter.php(933): App\Controllers\Acl->history()
 8 SYSTEMPATH/CodeIgniter.php(509): CodeIgniter\CodeIgniter->runController()
 9 SYSTEMPATH/CodeIgniter.php(355): CodeIgniter\CodeIgniter->handleRequest()
10 SYSTEMPATH/Boot.php(312): CodeIgniter\CodeIgniter->run()
11 SYSTEMPATH/Boot.php(67): CodeIgniter\Boot::runCodeIgniter()
12 FCPATH/index.php(56): CodeIgniter\Boot::bootWeb()
CRITICAL - 2024-05-05 16:29:52 --> mysqli_sql_exception: No such file or directory
[Method: POST, Route: acl/history]
in APPPATH/Views/acl/history.php on line 21.
 1 APPPATH/Views/acl/history.php(21): mysqli_connect()
 2 APPPATH/Views/acl/history.php(9): return_history()
 3 SYSTEMPATH/View/View.php(234): include('/home/cyriaque/Projets/Web/php/proxy/app/Views/acl/history.php')
 4 SYSTEMPATH/View/View.php(237): CodeIgniter\View\View->CodeIgniter\View\{closure}()
 5 SYSTEMPATH/Common.php(1171): CodeIgniter\View\View->render()
 6 APPPATH/Controllers/Acl.php(24): view()
 7 SYSTEMPATH/CodeIgniter.php(933): App\Controllers\Acl->history()
 8 SYSTEMPATH/CodeIgniter.php(509): CodeIgniter\CodeIgniter->runController()
 9 SYSTEMPATH/CodeIgniter.php(355): CodeIgniter\CodeIgniter->handleRequest()
10 SYSTEMPATH/Boot.php(312): CodeIgniter\CodeIgniter->run()
11 SYSTEMPATH/Boot.php(67): CodeIgniter\Boot::runCodeIgniter()
12 FCPATH/index.php(56): CodeIgniter\Boot::bootWeb()
CRITICAL - 2024-05-05 16:33:12 --> mysqli_sql_exception: No such file or directory
[Method: POST, Route: acl/history]
in APPPATH/Views/acl/history.php on line 21.
 1 APPPATH/Views/acl/history.php(21): mysqli_connect()
 2 APPPATH/Views/acl/history.php(9): return_history()
 3 SYSTEMPATH/View/View.php(234): include('/home/cyriaque/Projets/Web/php/proxy/app/Views/acl/history.php')
 4 SYSTEMPATH/View/View.php(237): CodeIgniter\View\View->CodeIgniter\View\{closure}()
 5 SYSTEMPATH/Common.php(1171): CodeIgniter\View\View->render()
 6 APPPATH/Controllers/Acl.php(24): view()
 7 SYSTEMPATH/CodeIgniter.php(933): App\Controllers\Acl->history()
 8 SYSTEMPATH/CodeIgniter.php(509): CodeIgniter\CodeIgniter->runController()
 9 SYSTEMPATH/CodeIgniter.php(355): CodeIgniter\CodeIgniter->handleRequest()
10 SYSTEMPATH/Boot.php(312): CodeIgniter\CodeIgniter->run()
11 SYSTEMPATH/Boot.php(67): CodeIgniter\Boot::runCodeIgniter()
12 FCPATH/index.php(56): CodeIgniter\Boot::bootWeb()
CRITICAL - 2024-05-05 16:38:18 --> ErrorException: file_get_contents(../conf.d/Ip.conf): Failed to open stream: No such file or directory
[Method: POST, Route: acl/datas]
in APPPATH/Views/acl/datas.php on line 66.
 1 [internal function]: CodeIgniter\Debug\Exceptions->errorHandler()
 2 APPPATH/Views/acl/datas.php(66): file_get_contents()
 3 APPPATH/Views/acl/datas.php(7): get_data()
 4 SYSTEMPATH/View/View.php(234): include('/home/cyriaque/Projets/Web/php/proxy/app/Views/acl/datas.php')
 5 SYSTEMPATH/View/View.php(237): CodeIgniter\View\View->CodeIgniter\View\{closure}()
 6 SYSTEMPATH/Common.php(1171): CodeIgniter\View\View->render()
 7 APPPATH/Controllers/Acl.php(12): view()
 8 SYSTEMPATH/CodeIgniter.php(933): App\Controllers\Acl->datas()
 9 SYSTEMPATH/CodeIgniter.php(509): CodeIgniter\CodeIgniter->runController()
10 SYSTEMPATH/CodeIgniter.php(355): CodeIgniter\CodeIgniter->handleRequest()
11 SYSTEMPATH/Boot.php(312): CodeIgniter\CodeIgniter->run()
12 SYSTEMPATH/Boot.php(67): CodeIgniter\Boot::runCodeIgniter()
13 FCPATH/index.php(56): CodeIgniter\Boot::bootWeb()
CRITICAL - 2024-05-05 16:38:18 --> mysqli_sql_exception: No such file or directory
[Method: POST, Route: acl/history]
in APPPATH/Views/acl/history.php on line 21.
 1 APPPATH/Views/acl/history.php(21): mysqli_connect()
 2 APPPATH/Views/acl/history.php(9): return_history()
 3 SYSTEMPATH/View/View.php(234): include('/home/cyriaque/Projets/Web/php/proxy/app/Views/acl/history.php')
 4 SYSTEMPATH/View/View.php(237): CodeIgniter\View\View->CodeIgniter\View\{closure}()
 5 SYSTEMPATH/Common.php(1171): CodeIgniter\View\View->render()
 6 APPPATH/Controllers/Acl.php(28): view()
 7 SYSTEMPATH/CodeIgniter.php(933): App\Controllers\Acl->history()
 8 SYSTEMPATH/CodeIgniter.php(509): CodeIgniter\CodeIgniter->runController()
 9 SYSTEMPATH/CodeIgniter.php(355): CodeIgniter\CodeIgniter->handleRequest()
10 SYSTEMPATH/Boot.php(312): CodeIgniter\CodeIgniter->run()
11 SYSTEMPATH/Boot.php(67): CodeIgniter\Boot::runCodeIgniter()
12 FCPATH/index.php(56): CodeIgniter\Boot::bootWeb()
CRITICAL - 2024-05-05 16:38:19 --> ErrorException: file_get_contents(../conf.d/Ip.conf): Failed to open stream: No such file or directory
[Method: POST, Route: acl/datas]
in APPPATH/Views/acl/datas.php on line 66.
 1 [internal function]: CodeIgniter\Debug\Exceptions->errorHandler()
 2 APPPATH/Views/acl/datas.php(66): file_get_contents()
 3 APPPATH/Views/acl/datas.php(7): get_data()
 4 SYSTEMPATH/View/View.php(234): include('/home/cyriaque/Projets/Web/php/proxy/app/Views/acl/datas.php')
 5 SYSTEMPATH/View/View.php(237): CodeIgniter\View\View->CodeIgniter\View\{closure}()
 6 SYSTEMPATH/Common.php(1171): CodeIgniter\View\View->render()
 7 APPPATH/Controllers/Acl.php(12): view()
 8 SYSTEMPATH/CodeIgniter.php(933): App\Controllers\Acl->datas()
 9 SYSTEMPATH/CodeIgniter.php(509): CodeIgniter\CodeIgniter->runController()
10 SYSTEMPATH/CodeIgniter.php(355): CodeIgniter\CodeIgniter->handleRequest()
11 SYSTEMPATH/Boot.php(312): CodeIgniter\CodeIgniter->run()
12 SYSTEMPATH/Boot.php(67): CodeIgniter\Boot::runCodeIgniter()
13 FCPATH/index.php(56): CodeIgniter\Boot::bootWeb()
CRITICAL - 2024-05-05 16:38:19 --> mysqli_sql_exception: No such file or directory
[Method: POST, Route: acl/history]
in APPPATH/Views/acl/history.php on line 21.
 1 APPPATH/Views/acl/history.php(21): mysqli_connect()
 2 APPPATH/Views/acl/history.php(9): return_history()
 3 SYSTEMPATH/View/View.php(234): include('/home/cyriaque/Projets/Web/php/proxy/app/Views/acl/history.php')
 4 SYSTEMPATH/View/View.php(237): CodeIgniter\View\View->CodeIgniter\View\{closure}()
 5 SYSTEMPATH/Common.php(1171): CodeIgniter\View\View->render()
 6 APPPATH/Controllers/Acl.php(28): view()
 7 SYSTEMPATH/CodeIgniter.php(933): App\Controllers\Acl->history()
 8 SYSTEMPATH/CodeIgniter.php(509): CodeIgniter\CodeIgniter->runController()
 9 SYSTEMPATH/CodeIgniter.php(355): CodeIgniter\CodeIgniter->handleRequest()
10 SYSTEMPATH/Boot.php(312): CodeIgniter\CodeIgniter->run()
11 SYSTEMPATH/Boot.php(67): CodeIgniter\Boot::runCodeIgniter()
12 FCPATH/index.php(56): CodeIgniter\Boot::bootWeb()
CRITICAL - 2024-05-05 16:41:07 --> mysqli_sql_exception: No such file or directory
[Method: POST, Route: acl/history]
in APPPATH/Views/acl/history.php on line 21.
 1 APPPATH/Views/acl/history.php(21): mysqli_connect()
 2 APPPATH/Views/acl/history.php(9): return_history()
 3 SYSTEMPATH/View/View.php(234): include('/home/cyriaque/Projets/Web/php/proxy/app/Views/acl/history.php')
 4 SYSTEMPATH/View/View.php(237): CodeIgniter\View\View->CodeIgniter\View\{closure}()
 5 SYSTEMPATH/Common.php(1171): CodeIgniter\View\View->render()
 6 APPPATH/Controllers/Acl.php(28): view()
 7 SYSTEMPATH/CodeIgniter.php(933): App\Controllers\Acl->history()
 8 SYSTEMPATH/CodeIgniter.php(509): CodeIgniter\CodeIgniter->runController()
 9 SYSTEMPATH/CodeIgniter.php(355): CodeIgniter\CodeIgniter->handleRequest()
10 SYSTEMPATH/Boot.php(312): CodeIgniter\CodeIgniter->run()
11 SYSTEMPATH/Boot.php(67): CodeIgniter\Boot::runCodeIgniter()
12 FCPATH/index.php(56): CodeIgniter\Boot::bootWeb()
CRITICAL - 2024-05-05 16:41:07 --> ErrorException: file_get_contents(../conf.d/Ip.conf): Failed to open stream: No such file or directory
[Method: POST, Route: acl/datas]
in APPPATH/Views/acl/datas.php on line 66.
 1 [internal function]: CodeIgniter\Debug\Exceptions->errorHandler()
 2 APPPATH/Views/acl/datas.php(66): file_get_contents()
 3 APPPATH/Views/acl/datas.php(7): get_data()
 4 SYSTEMPATH/View/View.php(234): include('/home/cyriaque/Projets/Web/php/proxy/app/Views/acl/datas.php')
 5 SYSTEMPATH/View/View.php(237): CodeIgniter\View\View->CodeIgniter\View\{closure}()
 6 SYSTEMPATH/Common.php(1171): CodeIgniter\View\View->render()
 7 APPPATH/Controllers/Acl.php(12): view()
 8 SYSTEMPATH/CodeIgniter.php(933): App\Controllers\Acl->datas()
 9 SYSTEMPATH/CodeIgniter.php(509): CodeIgniter\CodeIgniter->runController()
10 SYSTEMPATH/CodeIgniter.php(355): CodeIgniter\CodeIgniter->handleRequest()
11 SYSTEMPATH/Boot.php(312): CodeIgniter\CodeIgniter->run()
12 SYSTEMPATH/Boot.php(67): CodeIgniter\Boot::runCodeIgniter()
13 FCPATH/index.php(56): CodeIgniter\Boot::bootWeb()
CRITICAL - 2024-05-05 16:51:07 --> ErrorException: ini_set(): Session ini settings cannot be changed when a session is active
[Method: POST, Route: acl/datas]
in SYSTEMPATH/Session/Handlers/FileHandler.php on line 74.
 1 [internal function]: CodeIgniter\Debug\Exceptions->errorHandler()
 2 SYSTEMPATH/Session/Handlers/FileHandler.php(74): ini_set()
 3 SYSTEMPATH/Config/Services.php(688): CodeIgniter\Session\Handlers\FileHandler->__construct()
 4 SYSTEMPATH/Config/BaseService.php(311): CodeIgniter\Config\Services::session()
 5 SYSTEMPATH/Config/BaseService.php(250): CodeIgniter\Config\BaseService::__callStatic()
 6 SYSTEMPATH/Config/Services.php(666): CodeIgniter\Config\BaseService::getSharedInstance()
 7 SYSTEMPATH/Config/BaseService.php(320): CodeIgniter\Config\Services::session()
 8 SYSTEMPATH/Config/BaseService.php(201): CodeIgniter\Config\BaseService::__callStatic()
 9 SYSTEMPATH/Common.php(998): CodeIgniter\Config\BaseService::get()
10 SYSTEMPATH/Common.php(971): service()
11 SYSTEMPATH/CodeIgniter.php(1062): session()
12 SYSTEMPATH/CodeIgniter.php(542): CodeIgniter\CodeIgniter->storePreviousURL()
13 SYSTEMPATH/CodeIgniter.php(355): CodeIgniter\CodeIgniter->handleRequest()
14 SYSTEMPATH/Boot.php(312): CodeIgniter\CodeIgniter->run()
15 SYSTEMPATH/Boot.php(67): CodeIgniter\Boot::runCodeIgniter()
16 FCPATH/index.php(56): CodeIgniter\Boot::bootWeb()
CRITICAL - 2024-05-05 16:51:07 --> mysqli_sql_exception: No such file or directory
[Method: POST, Route: acl/history]
in APPPATH/Views/acl/history.php on line 21.
 1 APPPATH/Views/acl/history.php(21): mysqli_connect()
 2 APPPATH/Views/acl/history.php(9): return_history()
 3 SYSTEMPATH/View/View.php(234): include('/home/cyriaque/Projets/Web/php/proxy/app/Views/acl/history.php')
 4 SYSTEMPATH/View/View.php(237): CodeIgniter\View\View->CodeIgniter\View\{closure}()
 5 SYSTEMPATH/Common.php(1171): CodeIgniter\View\View->render()
 6 APPPATH/Controllers/Acl.php(28): view()
 7 SYSTEMPATH/CodeIgniter.php(933): App\Controllers\Acl->history()
 8 SYSTEMPATH/CodeIgniter.php(509): CodeIgniter\CodeIgniter->runController()
 9 SYSTEMPATH/CodeIgniter.php(355): CodeIgniter\CodeIgniter->handleRequest()
10 SYSTEMPATH/Boot.php(312): CodeIgniter\CodeIgniter->run()
11 SYSTEMPATH/Boot.php(67): CodeIgniter\Boot::runCodeIgniter()
12 FCPATH/index.php(56): CodeIgniter\Boot::bootWeb()
CRITICAL - 2024-05-05 16:51:08 --> ErrorException: ini_set(): Session ini settings cannot be changed when a session is active
[Method: POST, Route: acl/datas]
in SYSTEMPATH/Session/Handlers/FileHandler.php on line 74.
 1 [internal function]: CodeIgniter\Debug\Exceptions->errorHandler()
 2 SYSTEMPATH/Session/Handlers/FileHandler.php(74): ini_set()
 3 SYSTEMPATH/Config/Services.php(688): CodeIgniter\Session\Handlers\FileHandler->__construct()
 4 SYSTEMPATH/Config/BaseService.php(311): CodeIgniter\Config\Services::session()
 5 SYSTEMPATH/Config/BaseService.php(250): CodeIgniter\Config\BaseService::__callStatic()
 6 SYSTEMPATH/Config/Services.php(666): CodeIgniter\Config\BaseService::getSharedInstance()
 7 SYSTEMPATH/Config/BaseService.php(320): CodeIgniter\Config\Services::session()
 8 SYSTEMPATH/Config/BaseService.php(201): CodeIgniter\Config\BaseService::__callStatic()
 9 SYSTEMPATH/Common.php(998): CodeIgniter\Config\BaseService::get()
10 SYSTEMPATH/Common.php(971): service()
11 SYSTEMPATH/CodeIgniter.php(1062): session()
12 SYSTEMPATH/CodeIgniter.php(542): CodeIgniter\CodeIgniter->storePreviousURL()
13 SYSTEMPATH/CodeIgniter.php(355): CodeIgniter\CodeIgniter->handleRequest()
14 SYSTEMPATH/Boot.php(312): CodeIgniter\CodeIgniter->run()
15 SYSTEMPATH/Boot.php(67): CodeIgniter\Boot::runCodeIgniter()
16 FCPATH/index.php(56): CodeIgniter\Boot::bootWeb()
CRITICAL - 2024-05-05 16:51:08 --> mysqli_sql_exception: No such file or directory
[Method: POST, Route: acl/history]
in APPPATH/Views/acl/history.php on line 21.
 1 APPPATH/Views/acl/history.php(21): mysqli_connect()
 2 APPPATH/Views/acl/history.php(9): return_history()
 3 SYSTEMPATH/View/View.php(234): include('/home/cyriaque/Projets/Web/php/proxy/app/Views/acl/history.php')
 4 SYSTEMPATH/View/View.php(237): CodeIgniter\View\View->CodeIgniter\View\{closure}()
 5 SYSTEMPATH/Common.php(1171): CodeIgniter\View\View->render()
 6 APPPATH/Controllers/Acl.php(28): view()
 7 SYSTEMPATH/CodeIgniter.php(933): App\Controllers\Acl->history()
 8 SYSTEMPATH/CodeIgniter.php(509): CodeIgniter\CodeIgniter->runController()
 9 SYSTEMPATH/CodeIgniter.php(355): CodeIgniter\CodeIgniter->handleRequest()
10 SYSTEMPATH/Boot.php(312): CodeIgniter\CodeIgniter->run()
11 SYSTEMPATH/Boot.php(67): CodeIgniter\Boot::runCodeIgniter()
12 FCPATH/index.php(56): CodeIgniter\Boot::bootWeb()
CRITICAL - 2024-05-05 16:52:30 --> ErrorException: ini_set(): Session ini settings cannot be changed when a session is active
[Method: POST, Route: acl/datas]
in SYSTEMPATH/Session/Handlers/FileHandler.php on line 74.
 1 [internal function]: CodeIgniter\Debug\Exceptions->errorHandler()
 2 SYSTEMPATH/Session/Handlers/FileHandler.php(74): ini_set()
 3 SYSTEMPATH/Config/Services.php(688): CodeIgniter\Session\Handlers\FileHandler->__construct()
 4 SYSTEMPATH/Config/BaseService.php(311): CodeIgniter\Config\Services::session()
 5 SYSTEMPATH/Config/BaseService.php(250): CodeIgniter\Config\BaseService::__callStatic()
 6 SYSTEMPATH/Config/Services.php(666): CodeIgniter\Config\BaseService::getSharedInstance()
 7 SYSTEMPATH/Config/BaseService.php(320): CodeIgniter\Config\Services::session()
 8 SYSTEMPATH/Config/BaseService.php(201): CodeIgniter\Config\BaseService::__callStatic()
 9 SYSTEMPATH/Common.php(998): CodeIgniter\Config\BaseService::get()
10 SYSTEMPATH/Common.php(971): service()
11 SYSTEMPATH/CodeIgniter.php(1062): session()
12 SYSTEMPATH/CodeIgniter.php(542): CodeIgniter\CodeIgniter->storePreviousURL()
13 SYSTEMPATH/CodeIgniter.php(355): CodeIgniter\CodeIgniter->handleRequest()
14 SYSTEMPATH/Boot.php(312): CodeIgniter\CodeIgniter->run()
15 SYSTEMPATH/Boot.php(67): CodeIgniter\Boot::runCodeIgniter()
16 FCPATH/index.php(56): CodeIgniter\Boot::bootWeb()
CRITICAL - 2024-05-05 16:52:30 --> mysqli_sql_exception: No such file or directory
[Method: POST, Route: acl/history]
in APPPATH/Views/acl/history.php on line 21.
 1 APPPATH/Views/acl/history.php(21): mysqli_connect()
 2 APPPATH/Views/acl/history.php(9): return_history()
 3 SYSTEMPATH/View/View.php(234): include('/home/cyriaque/Projets/Web/php/proxy/app/Views/acl/history.php')
 4 SYSTEMPATH/View/View.php(237): CodeIgniter\View\View->CodeIgniter\View\{closure}()
 5 SYSTEMPATH/Common.php(1171): CodeIgniter\View\View->render()
 6 APPPATH/Controllers/Acl.php(28): view()
 7 SYSTEMPATH/CodeIgniter.php(933): App\Controllers\Acl->history()
 8 SYSTEMPATH/CodeIgniter.php(509): CodeIgniter\CodeIgniter->runController()
 9 SYSTEMPATH/CodeIgniter.php(355): CodeIgniter\CodeIgniter->handleRequest()
10 SYSTEMPATH/Boot.php(312): CodeIgniter\CodeIgniter->run()
11 SYSTEMPATH/Boot.php(67): CodeIgniter\Boot::runCodeIgniter()
12 FCPATH/index.php(56): CodeIgniter\Boot::bootWeb()
CRITICAL - 2024-05-05 16:52:32 --> ErrorException: ini_set(): Session ini settings cannot be changed when a session is active
[Method: POST, Route: acl/datas]
in SYSTEMPATH/Session/Handlers/FileHandler.php on line 74.
 1 [internal function]: CodeIgniter\Debug\Exceptions->errorHandler()
 2 SYSTEMPATH/Session/Handlers/FileHandler.php(74): ini_set()
 3 SYSTEMPATH/Config/Services.php(688): CodeIgniter\Session\Handlers\FileHandler->__construct()
 4 SYSTEMPATH/Config/BaseService.php(311): CodeIgniter\Config\Services::session()
 5 SYSTEMPATH/Config/BaseService.php(250): CodeIgniter\Config\BaseService::__callStatic()
 6 SYSTEMPATH/Config/Services.php(666): CodeIgniter\Config\BaseService::getSharedInstance()
 7 SYSTEMPATH/Config/BaseService.php(320): CodeIgniter\Config\Services::session()
 8 SYSTEMPATH/Config/BaseService.php(201): CodeIgniter\Config\BaseService::__callStatic()
 9 SYSTEMPATH/Common.php(998): CodeIgniter\Config\BaseService::get()
10 SYSTEMPATH/Common.php(971): service()
11 SYSTEMPATH/CodeIgniter.php(1062): session()
12 SYSTEMPATH/CodeIgniter.php(542): CodeIgniter\CodeIgniter->storePreviousURL()
13 SYSTEMPATH/CodeIgniter.php(355): CodeIgniter\CodeIgniter->handleRequest()
14 SYSTEMPATH/Boot.php(312): CodeIgniter\CodeIgniter->run()
15 SYSTEMPATH/Boot.php(67): CodeIgniter\Boot::runCodeIgniter()
16 FCPATH/index.php(56): CodeIgniter\Boot::bootWeb()
CRITICAL - 2024-05-05 16:52:32 --> mysqli_sql_exception: No such file or directory
[Method: POST, Route: acl/history]
in APPPATH/Views/acl/history.php on line 21.
 1 APPPATH/Views/acl/history.php(21): mysqli_connect()
 2 APPPATH/Views/acl/history.php(9): return_history()
 3 SYSTEMPATH/View/View.php(234): include('/home/cyriaque/Projets/Web/php/proxy/app/Views/acl/history.php')
 4 SYSTEMPATH/View/View.php(237): CodeIgniter\View\View->CodeIgniter\View\{closure}()
 5 SYSTEMPATH/Common.php(1171): CodeIgniter\View\View->render()
 6 APPPATH/Controllers/Acl.php(28): view()
 7 SYSTEMPATH/CodeIgniter.php(933): App\Controllers\Acl->history()
 8 SYSTEMPATH/CodeIgniter.php(509): CodeIgniter\CodeIgniter->runController()
 9 SYSTEMPATH/CodeIgniter.php(355): CodeIgniter\CodeIgniter->handleRequest()
10 SYSTEMPATH/Boot.php(312): CodeIgniter\CodeIgniter->run()
11 SYSTEMPATH/Boot.php(67): CodeIgniter\Boot::runCodeIgniter()
12 FCPATH/index.php(56): CodeIgniter\Boot::bootWeb()
CRITICAL - 2024-05-05 16:53:02 --> ErrorException: ini_set(): Session ini settings cannot be changed when a session is active
[Method: POST, Route: acl/give_type]
in SYSTEMPATH/Session/Handlers/FileHandler.php on line 74.
 1 [internal function]: CodeIgniter\Debug\Exceptions->errorHandler()
 2 SYSTEMPATH/Session/Handlers/FileHandler.php(74): ini_set()
 3 SYSTEMPATH/Config/Services.php(688): CodeIgniter\Session\Handlers\FileHandler->__construct()
 4 SYSTEMPATH/Config/BaseService.php(311): CodeIgniter\Config\Services::session()
 5 SYSTEMPATH/Config/BaseService.php(250): CodeIgniter\Config\BaseService::__callStatic()
 6 SYSTEMPATH/Config/Services.php(666): CodeIgniter\Config\BaseService::getSharedInstance()
 7 SYSTEMPATH/Config/BaseService.php(320): CodeIgniter\Config\Services::session()
 8 SYSTEMPATH/Config/BaseService.php(201): CodeIgniter\Config\BaseService::__callStatic()
 9 SYSTEMPATH/Common.php(998): CodeIgniter\Config\BaseService::get()
10 SYSTEMPATH/Common.php(971): service()
11 SYSTEMPATH/CodeIgniter.php(1062): session()
12 SYSTEMPATH/CodeIgniter.php(542): CodeIgniter\CodeIgniter->storePreviousURL()
13 SYSTEMPATH/CodeIgniter.php(355): CodeIgniter\CodeIgniter->handleRequest()
14 SYSTEMPATH/Boot.php(312): CodeIgniter\CodeIgniter->run()
15 SYSTEMPATH/Boot.php(67): CodeIgniter\Boot::runCodeIgniter()
16 FCPATH/index.php(56): CodeIgniter\Boot::bootWeb()
CRITICAL - 2024-05-05 16:53:08 --> ErrorException: ini_set(): Session ini settings cannot be changed when a session is active
[Method: POST, Route: acl/give_type]
in SYSTEMPATH/Session/Handlers/FileHandler.php on line 74.
 1 [internal function]: CodeIgniter\Debug\Exceptions->errorHandler()
 2 SYSTEMPATH/Session/Handlers/FileHandler.php(74): ini_set()
 3 SYSTEMPATH/Config/Services.php(688): CodeIgniter\Session\Handlers\FileHandler->__construct()
 4 SYSTEMPATH/Config/BaseService.php(311): CodeIgniter\Config\Services::session()
 5 SYSTEMPATH/Config/BaseService.php(250): CodeIgniter\Config\BaseService::__callStatic()
 6 SYSTEMPATH/Config/Services.php(666): CodeIgniter\Config\BaseService::getSharedInstance()
 7 SYSTEMPATH/Config/BaseService.php(320): CodeIgniter\Config\Services::session()
 8 SYSTEMPATH/Config/BaseService.php(201): CodeIgniter\Config\BaseService::__callStatic()
 9 SYSTEMPATH/Common.php(998): CodeIgniter\Config\BaseService::get()
10 SYSTEMPATH/Common.php(971): service()
11 SYSTEMPATH/CodeIgniter.php(1062): session()
12 SYSTEMPATH/CodeIgniter.php(542): CodeIgniter\CodeIgniter->storePreviousURL()
13 SYSTEMPATH/CodeIgniter.php(355): CodeIgniter\CodeIgniter->handleRequest()
14 SYSTEMPATH/Boot.php(312): CodeIgniter\CodeIgniter->run()
15 SYSTEMPATH/Boot.php(67): CodeIgniter\Boot::runCodeIgniter()
16 FCPATH/index.php(56): CodeIgniter\Boot::bootWeb()
CRITICAL - 2024-05-05 16:53:08 --> ErrorException: ini_set(): Session ini settings cannot be changed when a session is active
[Method: POST, Route: acl/give_type]
in SYSTEMPATH/Session/Handlers/FileHandler.php on line 74.
 1 [internal function]: CodeIgniter\Debug\Exceptions->errorHandler()
 2 SYSTEMPATH/Session/Handlers/FileHandler.php(74): ini_set()
 3 SYSTEMPATH/Config/Services.php(688): CodeIgniter\Session\Handlers\FileHandler->__construct()
 4 SYSTEMPATH/Config/BaseService.php(311): CodeIgniter\Config\Services::session()
 5 SYSTEMPATH/Config/BaseService.php(250): CodeIgniter\Config\BaseService::__callStatic()
 6 SYSTEMPATH/Config/Services.php(666): CodeIgniter\Config\BaseService::getSharedInstance()
 7 SYSTEMPATH/Config/BaseService.php(320): CodeIgniter\Config\Services::session()
 8 SYSTEMPATH/Config/BaseService.php(201): CodeIgniter\Config\BaseService::__callStatic()
 9 SYSTEMPATH/Common.php(998): CodeIgniter\Config\BaseService::get()
10 SYSTEMPATH/Common.php(971): service()
11 SYSTEMPATH/CodeIgniter.php(1062): session()
12 SYSTEMPATH/CodeIgniter.php(542): CodeIgniter\CodeIgniter->storePreviousURL()
13 SYSTEMPATH/CodeIgniter.php(355): CodeIgniter\CodeIgniter->handleRequest()
14 SYSTEMPATH/Boot.php(312): CodeIgniter\CodeIgniter->run()
15 SYSTEMPATH/Boot.php(67): CodeIgniter\Boot::runCodeIgniter()
16 FCPATH/index.php(56): CodeIgniter\Boot::bootWeb()
CRITICAL - 2024-05-05 17:16:57 --> ParseError: syntax error, unexpected identifier "e", expecting "function" or "const"
[Method: GET, Route: acl]
in APPPATH/Config/Database.php on line 189.
 1 SYSTEMPATH/Autoloader/Autoloader.php(296): CodeIgniter\Autoloader\Autoloader->includeFile()
 2 SYSTEMPATH/Autoloader/Autoloader.php(272): CodeIgniter\Autoloader\Autoloader->loadInNamespace()
 3 SYSTEMPATH/Debug/Toolbar/Collectors/Database.php(258): CodeIgniter\Autoloader\Autoloader->loadClass()
 4 SYSTEMPATH/Debug/Toolbar/Collectors/Database.php(75): CodeIgniter\Debug\Toolbar\Collectors\Database->getConnections()
 5 SYSTEMPATH/Debug/Toolbar.php(68): CodeIgniter\Debug\Toolbar\Collectors\Database->__construct()
 6 SYSTEMPATH/Config/Services.php(787): CodeIgniter\Debug\Toolbar->__construct()
 7 SYSTEMPATH/Config/BaseService.php(311): CodeIgniter\Config\Services::toolbar()
 8 SYSTEMPATH/Config/BaseService.php(250): CodeIgniter\Config\BaseService::__callStatic()
 9 SYSTEMPATH/Config/Services.php(782): CodeIgniter\Config\BaseService::getSharedInstance()
10 SYSTEMPATH/Config/BaseService.php(320): CodeIgniter\Config\Services::toolbar()
11 APPPATH/Config/Events.php(47): CodeIgniter\Config\BaseService::__callStatic()
12 SYSTEMPATH/Events/Events.php(155): CodeIgniter\Events\Events::Config\{closure}()
13 SYSTEMPATH/CodeIgniter.php(340): CodeIgniter\Events\Events::trigger()
14 SYSTEMPATH/Boot.php(312): CodeIgniter\CodeIgniter->run()
15 SYSTEMPATH/Boot.php(67): CodeIgniter\Boot::runCodeIgniter()
16 FCPATH/index.php(56): CodeIgniter\Boot::bootWeb()
CRITICAL - 2024-05-05 17:16:57 --> ParseError: syntax error, unexpected identifier "e", expecting "function" or "const"
[Method: GET, Route: acl]
in APPPATH/Config/Database.php on line 189.
 1 SYSTEMPATH/Autoloader/Autoloader.php(296): CodeIgniter\Autoloader\Autoloader->includeFile()
 2 SYSTEMPATH/Autoloader/Autoloader.php(272): CodeIgniter\Autoloader\Autoloader->loadInNamespace()
 3 SYSTEMPATH/Debug/Toolbar/Collectors/Database.php(258): CodeIgniter\Autoloader\Autoloader->loadClass()
 4 SYSTEMPATH/Debug/Toolbar/Collectors/Database.php(75): CodeIgniter\Debug\Toolbar\Collectors\Database->getConnections()
 5 SYSTEMPATH/Debug/Toolbar.php(68): CodeIgniter\Debug\Toolbar\Collectors\Database->__construct()
 6 SYSTEMPATH/Config/Services.php(787): CodeIgniter\Debug\Toolbar->__construct()
 7 SYSTEMPATH/Config/BaseService.php(311): CodeIgniter\Config\Services::toolbar()
 8 SYSTEMPATH/Config/BaseService.php(250): CodeIgniter\Config\BaseService::__callStatic()
 9 SYSTEMPATH/Config/Services.php(782): CodeIgniter\Config\BaseService::getSharedInstance()
10 SYSTEMPATH/Config/BaseService.php(320): CodeIgniter\Config\Services::toolbar()
11 APPPATH/Config/Events.php(47): CodeIgniter\Config\BaseService::__callStatic()
12 SYSTEMPATH/Events/Events.php(155): CodeIgniter\Events\Events::Config\{closure}()
13 SYSTEMPATH/CodeIgniter.php(340): CodeIgniter\Events\Events::trigger()
14 SYSTEMPATH/Boot.php(312): CodeIgniter\CodeIgniter->run()
15 SYSTEMPATH/Boot.php(67): CodeIgniter\Boot::runCodeIgniter()
16 FCPATH/index.php(56): CodeIgniter\Boot::bootWeb()
CRITICAL - 2024-05-05 17:17:27 --> Error: Call to undefined function return_data()
[Method: POST, Route: acl/datas]
in APPPATH/Views/acl/datas.php on line 10.
 1 SYSTEMPATH/View/View.php(234): include()
 2 SYSTEMPATH/View/View.php(237): CodeIgniter\View\View->CodeIgniter\View\{closure}()
 3 SYSTEMPATH/Common.php(1171): CodeIgniter\View\View->render()
 4 APPPATH/Controllers/Acl.php(19): view()
 5 SYSTEMPATH/CodeIgniter.php(933): App\Controllers\Acl->datas()
 6 SYSTEMPATH/CodeIgniter.php(509): CodeIgniter\CodeIgniter->runController()
 7 SYSTEMPATH/CodeIgniter.php(355): CodeIgniter\CodeIgniter->handleRequest()
 8 SYSTEMPATH/Boot.php(312): CodeIgniter\CodeIgniter->run()
 9 SYSTEMPATH/Boot.php(67): CodeIgniter\Boot::runCodeIgniter()
10 FCPATH/index.php(56): CodeIgniter\Boot::bootWeb()
CRITICAL - 2024-05-05 17:17:27 --> ErrorException: ini_set(): Session ini settings cannot be changed when a session is active
[Method: POST, Route: acl/history]
in SYSTEMPATH/Session/Handlers/FileHandler.php on line 74.
 1 [internal function]: CodeIgniter\Debug\Exceptions->errorHandler()
 2 SYSTEMPATH/Session/Handlers/FileHandler.php(74): ini_set()
 3 SYSTEMPATH/Config/Services.php(688): CodeIgniter\Session\Handlers\FileHandler->__construct()
 4 SYSTEMPATH/Config/BaseService.php(311): CodeIgniter\Config\Services::session()
 5 SYSTEMPATH/Config/BaseService.php(250): CodeIgniter\Config\BaseService::__callStatic()
 6 SYSTEMPATH/Config/Services.php(666): CodeIgniter\Config\BaseService::getSharedInstance()
 7 SYSTEMPATH/Config/BaseService.php(320): CodeIgniter\Config\Services::session()
 8 SYSTEMPATH/Config/BaseService.php(201): CodeIgniter\Config\BaseService::__callStatic()
 9 SYSTEMPATH/Common.php(998): CodeIgniter\Config\BaseService::get()
10 SYSTEMPATH/Common.php(971): service()
11 SYSTEMPATH/CodeIgniter.php(1062): session()
12 SYSTEMPATH/CodeIgniter.php(542): CodeIgniter\CodeIgniter->storePreviousURL()
13 SYSTEMPATH/CodeIgniter.php(355): CodeIgniter\CodeIgniter->handleRequest()
14 SYSTEMPATH/Boot.php(312): CodeIgniter\CodeIgniter->run()
15 SYSTEMPATH/Boot.php(67): CodeIgniter\Boot::runCodeIgniter()
16 FCPATH/index.php(56): CodeIgniter\Boot::bootWeb()
CRITICAL - 2024-05-05 17:17:28 --> Error: Call to undefined function return_data()
[Method: POST, Route: acl/datas]
in APPPATH/Views/acl/datas.php on line 10.
 1 SYSTEMPATH/View/View.php(234): include()
 2 SYSTEMPATH/View/View.php(237): CodeIgniter\View\View->CodeIgniter\View\{closure}()
 3 SYSTEMPATH/Common.php(1171): CodeIgniter\View\View->render()
 4 APPPATH/Controllers/Acl.php(19): view()
 5 SYSTEMPATH/CodeIgniter.php(933): App\Controllers\Acl->datas()
 6 SYSTEMPATH/CodeIgniter.php(509): CodeIgniter\CodeIgniter->runController()
 7 SYSTEMPATH/CodeIgniter.php(355): CodeIgniter\CodeIgniter->handleRequest()
 8 SYSTEMPATH/Boot.php(312): CodeIgniter\CodeIgniter->run()
 9 SYSTEMPATH/Boot.php(67): CodeIgniter\Boot::runCodeIgniter()
10 FCPATH/index.php(56): CodeIgniter\Boot::bootWeb()
CRITICAL - 2024-05-05 17:17:28 --> ErrorException: ini_set(): Session ini settings cannot be changed when a session is active
[Method: POST, Route: acl/history]
in SYSTEMPATH/Session/Handlers/FileHandler.php on line 74.
 1 [internal function]: CodeIgniter\Debug\Exceptions->errorHandler()
 2 SYSTEMPATH/Session/Handlers/FileHandler.php(74): ini_set()
 3 SYSTEMPATH/Config/Services.php(688): CodeIgniter\Session\Handlers\FileHandler->__construct()
 4 SYSTEMPATH/Config/BaseService.php(311): CodeIgniter\Config\Services::session()
 5 SYSTEMPATH/Config/BaseService.php(250): CodeIgniter\Config\BaseService::__callStatic()
 6 SYSTEMPATH/Config/Services.php(666): CodeIgniter\Config\BaseService::getSharedInstance()
 7 SYSTEMPATH/Config/BaseService.php(320): CodeIgniter\Config\Services::session()
 8 SYSTEMPATH/Config/BaseService.php(201): CodeIgniter\Config\BaseService::__callStatic()
 9 SYSTEMPATH/Common.php(998): CodeIgniter\Config\BaseService::get()
10 SYSTEMPATH/Common.php(971): service()
11 SYSTEMPATH/CodeIgniter.php(1062): session()
12 SYSTEMPATH/CodeIgniter.php(542): CodeIgniter\CodeIgniter->storePreviousURL()
13 SYSTEMPATH/CodeIgniter.php(355): CodeIgniter\CodeIgniter->handleRequest()
14 SYSTEMPATH/Boot.php(312): CodeIgniter\CodeIgniter->run()
15 SYSTEMPATH/Boot.php(67): CodeIgniter\Boot::runCodeIgniter()
16 FCPATH/index.php(56): CodeIgniter\Boot::bootWeb()
CRITICAL - 2024-05-05 17:17:46 --> ErrorException: ini_set(): Session ini settings cannot be changed when a session is active
[Method: POST, Route: acl/give_type]
in SYSTEMPATH/Session/Handlers/FileHandler.php on line 74.
 1 [internal function]: CodeIgniter\Debug\Exceptions->errorHandler()
 2 SYSTEMPATH/Session/Handlers/FileHandler.php(74): ini_set()
 3 SYSTEMPATH/Config/Services.php(688): CodeIgniter\Session\Handlers\FileHandler->__construct()
 4 SYSTEMPATH/Config/BaseService.php(311): CodeIgniter\Config\Services::session()
 5 SYSTEMPATH/Config/BaseService.php(250): CodeIgniter\Config\BaseService::__callStatic()
 6 SYSTEMPATH/Config/Services.php(666): CodeIgniter\Config\BaseService::getSharedInstance()
 7 SYSTEMPATH/Config/BaseService.php(320): CodeIgniter\Config\Services::session()
 8 SYSTEMPATH/Config/BaseService.php(201): CodeIgniter\Config\BaseService::__callStatic()
 9 SYSTEMPATH/Common.php(998): CodeIgniter\Config\BaseService::get()
10 SYSTEMPATH/Common.php(971): service()
11 SYSTEMPATH/CodeIgniter.php(1062): session()
12 SYSTEMPATH/CodeIgniter.php(542): CodeIgniter\CodeIgniter->storePreviousURL()
13 SYSTEMPATH/CodeIgniter.php(355): CodeIgniter\CodeIgniter->handleRequest()
14 SYSTEMPATH/Boot.php(312): CodeIgniter\CodeIgniter->run()
15 SYSTEMPATH/Boot.php(67): CodeIgniter\Boot::runCodeIgniter()
16 FCPATH/index.php(56): CodeIgniter\Boot::bootWeb()
CRITICAL - 2024-05-05 17:22:01 --> ErrorException: ini_set(): Session ini settings cannot be changed when a session is active
[Method: POST, Route: acl/history]
in SYSTEMPATH/Session/Handlers/FileHandler.php on line 74.
 1 [internal function]: CodeIgniter\Debug\Exceptions->errorHandler()
 2 SYSTEMPATH/Session/Handlers/FileHandler.php(74): ini_set()
 3 SYSTEMPATH/Config/Services.php(688): CodeIgniter\Session\Handlers\FileHandler->__construct()
 4 SYSTEMPATH/Config/BaseService.php(311): CodeIgniter\Config\Services::session()
 5 SYSTEMPATH/Config/BaseService.php(250): CodeIgniter\Config\BaseService::__callStatic()
 6 SYSTEMPATH/Config/Services.php(666): CodeIgniter\Config\BaseService::getSharedInstance()
 7 SYSTEMPATH/Config/BaseService.php(320): CodeIgniter\Config\Services::session()
 8 SYSTEMPATH/Config/BaseService.php(201): CodeIgniter\Config\BaseService::__callStatic()
 9 SYSTEMPATH/Common.php(998): CodeIgniter\Config\BaseService::get()
10 SYSTEMPATH/Common.php(971): service()
11 SYSTEMPATH/CodeIgniter.php(1062): session()
12 SYSTEMPATH/CodeIgniter.php(542): CodeIgniter\CodeIgniter->storePreviousURL()
13 SYSTEMPATH/CodeIgniter.php(355): CodeIgniter\CodeIgniter->handleRequest()
14 SYSTEMPATH/Boot.php(312): CodeIgniter\CodeIgniter->run()
15 SYSTEMPATH/Boot.php(67): CodeIgniter\Boot::runCodeIgniter()
16 FCPATH/index.php(56): CodeIgniter\Boot::bootWeb()
CRITICAL - 2024-05-05 17:22:01 --> Error: Call to undefined function return_data()
[Method: POST, Route: acl/datas]
in APPPATH/Views/acl/datas.php on line 10.
 1 SYSTEMPATH/View/View.php(234): include()
 2 SYSTEMPATH/View/View.php(237): CodeIgniter\View\View->CodeIgniter\View\{closure}()
 3 SYSTEMPATH/Common.php(1171): CodeIgniter\View\View->render()
 4 APPPATH/Controllers/Acl.php(19): view()
 5 SYSTEMPATH/CodeIgniter.php(933): App\Controllers\Acl->datas()
 6 SYSTEMPATH/CodeIgniter.php(509): CodeIgniter\CodeIgniter->runController()
 7 SYSTEMPATH/CodeIgniter.php(355): CodeIgniter\CodeIgniter->handleRequest()
 8 SYSTEMPATH/Boot.php(312): CodeIgniter\CodeIgniter->run()
 9 SYSTEMPATH/Boot.php(67): CodeIgniter\Boot::runCodeIgniter()
10 FCPATH/index.php(56): CodeIgniter\Boot::bootWeb()
CRITICAL - 2024-05-05 17:22:01 --> Error: Call to undefined function return_data()
[Method: POST, Route: acl/datas]
in APPPATH/Views/acl/datas.php on line 10.
 1 SYSTEMPATH/View/View.php(234): include()
 2 SYSTEMPATH/View/View.php(237): CodeIgniter\View\View->CodeIgniter\View\{closure}()
 3 SYSTEMPATH/Common.php(1171): CodeIgniter\View\View->render()
 4 APPPATH/Controllers/Acl.php(19): view()
 5 SYSTEMPATH/CodeIgniter.php(933): App\Controllers\Acl->datas()
 6 SYSTEMPATH/CodeIgniter.php(509): CodeIgniter\CodeIgniter->runController()
 7 SYSTEMPATH/CodeIgniter.php(355): CodeIgniter\CodeIgniter->handleRequest()
 8 SYSTEMPATH/Boot.php(312): CodeIgniter\CodeIgniter->run()
 9 SYSTEMPATH/Boot.php(67): CodeIgniter\Boot::runCodeIgniter()
10 FCPATH/index.php(56): CodeIgniter\Boot::bootWeb()
CRITICAL - 2024-05-05 17:22:01 --> ErrorException: ini_set(): Session ini settings cannot be changed when a session is active
[Method: POST, Route: acl/history]
in SYSTEMPATH/Session/Handlers/FileHandler.php on line 74.
 1 [internal function]: CodeIgniter\Debug\Exceptions->errorHandler()
 2 SYSTEMPATH/Session/Handlers/FileHandler.php(74): ini_set()
 3 SYSTEMPATH/Config/Services.php(688): CodeIgniter\Session\Handlers\FileHandler->__construct()
 4 SYSTEMPATH/Config/BaseService.php(311): CodeIgniter\Config\Services::session()
 5 SYSTEMPATH/Config/BaseService.php(250): CodeIgniter\Config\BaseService::__callStatic()
 6 SYSTEMPATH/Config/Services.php(666): CodeIgniter\Config\BaseService::getSharedInstance()
 7 SYSTEMPATH/Config/BaseService.php(320): CodeIgniter\Config\Services::session()
 8 SYSTEMPATH/Config/BaseService.php(201): CodeIgniter\Config\BaseService::__callStatic()
 9 SYSTEMPATH/Common.php(998): CodeIgniter\Config\BaseService::get()
10 SYSTEMPATH/Common.php(971): service()
11 SYSTEMPATH/CodeIgniter.php(1062): session()
12 SYSTEMPATH/CodeIgniter.php(542): CodeIgniter\CodeIgniter->storePreviousURL()
13 SYSTEMPATH/CodeIgniter.php(355): CodeIgniter\CodeIgniter->handleRequest()
14 SYSTEMPATH/Boot.php(312): CodeIgniter\CodeIgniter->run()
15 SYSTEMPATH/Boot.php(67): CodeIgniter\Boot::runCodeIgniter()
16 FCPATH/index.php(56): CodeIgniter\Boot::bootWeb()
CRITICAL - 2024-05-05 17:22:21 --> ErrorException: ini_set(): Session ini settings cannot be changed when a session is active
[Method: POST, Route: acl/give_type]
in SYSTEMPATH/Session/Handlers/FileHandler.php on line 74.
 1 [internal function]: CodeIgniter\Debug\Exceptions->errorHandler()
 2 SYSTEMPATH/Session/Handlers/FileHandler.php(74): ini_set()
 3 SYSTEMPATH/Config/Services.php(688): CodeIgniter\Session\Handlers\FileHandler->__construct()
 4 SYSTEMPATH/Config/BaseService.php(311): CodeIgniter\Config\Services::session()
 5 SYSTEMPATH/Config/BaseService.php(250): CodeIgniter\Config\BaseService::__callStatic()
 6 SYSTEMPATH/Config/Services.php(666): CodeIgniter\Config\BaseService::getSharedInstance()
 7 SYSTEMPATH/Config/BaseService.php(320): CodeIgniter\Config\Services::session()
 8 SYSTEMPATH/Config/BaseService.php(201): CodeIgniter\Config\BaseService::__callStatic()
 9 SYSTEMPATH/Common.php(998): CodeIgniter\Config\BaseService::get()
10 SYSTEMPATH/Common.php(971): service()
11 SYSTEMPATH/CodeIgniter.php(1062): session()
12 SYSTEMPATH/CodeIgniter.php(542): CodeIgniter\CodeIgniter->storePreviousURL()
13 SYSTEMPATH/CodeIgniter.php(355): CodeIgniter\CodeIgniter->handleRequest()
14 SYSTEMPATH/Boot.php(312): CodeIgniter\CodeIgniter->run()
15 SYSTEMPATH/Boot.php(67): CodeIgniter\Boot::runCodeIgniter()
16 FCPATH/index.php(56): CodeIgniter\Boot::bootWeb()
CRITICAL - 2024-05-05 17:24:13 --> ErrorException: ini_set(): Session ini settings cannot be changed when a session is active
[Method: POST, Route: acl/give_type]
in SYSTEMPATH/Session/Handlers/FileHandler.php on line 74.
 1 [internal function]: CodeIgniter\Debug\Exceptions->errorHandler()
 2 SYSTEMPATH/Session/Handlers/FileHandler.php(74): ini_set()
 3 SYSTEMPATH/Config/Services.php(688): CodeIgniter\Session\Handlers\FileHandler->__construct()
 4 SYSTEMPATH/Config/BaseService.php(311): CodeIgniter\Config\Services::session()
 5 SYSTEMPATH/Config/BaseService.php(250): CodeIgniter\Config\BaseService::__callStatic()
 6 SYSTEMPATH/Config/Services.php(666): CodeIgniter\Config\BaseService::getSharedInstance()
 7 SYSTEMPATH/Config/BaseService.php(320): CodeIgniter\Config\Services::session()
 8 SYSTEMPATH/Config/BaseService.php(201): CodeIgniter\Config\BaseService::__callStatic()
 9 SYSTEMPATH/Common.php(998): CodeIgniter\Config\BaseService::get()
10 SYSTEMPATH/Common.php(971): service()
11 SYSTEMPATH/CodeIgniter.php(1062): session()
12 SYSTEMPATH/CodeIgniter.php(542): CodeIgniter\CodeIgniter->storePreviousURL()
13 SYSTEMPATH/CodeIgniter.php(355): CodeIgniter\CodeIgniter->handleRequest()
14 SYSTEMPATH/Boot.php(312): CodeIgniter\CodeIgniter->run()
15 SYSTEMPATH/Boot.php(67): CodeIgniter\Boot::runCodeIgniter()
16 FCPATH/index.php(56): CodeIgniter\Boot::bootWeb()
CRITICAL - 2024-05-05 17:26:02 --> ErrorException: ini_set(): Session ini settings cannot be changed when a session is active
[Method: POST, Route: acl/history]
in SYSTEMPATH/Session/Handlers/FileHandler.php on line 74.
 1 [internal function]: CodeIgniter\Debug\Exceptions->errorHandler()
 2 SYSTEMPATH/Session/Handlers/FileHandler.php(74): ini_set()
 3 SYSTEMPATH/Config/Services.php(688): CodeIgniter\Session\Handlers\FileHandler->__construct()
 4 SYSTEMPATH/Config/BaseService.php(311): CodeIgniter\Config\Services::session()
 5 SYSTEMPATH/Config/BaseService.php(250): CodeIgniter\Config\BaseService::__callStatic()
 6 SYSTEMPATH/Config/Services.php(666): CodeIgniter\Config\BaseService::getSharedInstance()
 7 SYSTEMPATH/Config/BaseService.php(320): CodeIgniter\Config\Services::session()
 8 SYSTEMPATH/Config/BaseService.php(201): CodeIgniter\Config\BaseService::__callStatic()
 9 SYSTEMPATH/Common.php(998): CodeIgniter\Config\BaseService::get()
10 SYSTEMPATH/Common.php(971): service()
11 SYSTEMPATH/CodeIgniter.php(1062): session()
12 SYSTEMPATH/CodeIgniter.php(542): CodeIgniter\CodeIgniter->storePreviousURL()
13 SYSTEMPATH/CodeIgniter.php(355): CodeIgniter\CodeIgniter->handleRequest()
14 SYSTEMPATH/Boot.php(312): CodeIgniter\CodeIgniter->run()
15 SYSTEMPATH/Boot.php(67): CodeIgniter\Boot::runCodeIgniter()
16 FCPATH/index.php(56): CodeIgniter\Boot::bootWeb()
CRITICAL - 2024-05-05 17:26:02 --> Error: Call to undefined function return_data()
[Method: POST, Route: acl/datas]
in APPPATH/Views/acl/datas.php on line 10.
 1 SYSTEMPATH/View/View.php(234): include()
 2 SYSTEMPATH/View/View.php(237): CodeIgniter\View\View->CodeIgniter\View\{closure}()
 3 SYSTEMPATH/Common.php(1171): CodeIgniter\View\View->render()
 4 APPPATH/Controllers/Acl.php(19): view()
 5 SYSTEMPATH/CodeIgniter.php(933): App\Controllers\Acl->datas()
 6 SYSTEMPATH/CodeIgniter.php(509): CodeIgniter\CodeIgniter->runController()
 7 SYSTEMPATH/CodeIgniter.php(355): CodeIgniter\CodeIgniter->handleRequest()
 8 SYSTEMPATH/Boot.php(312): CodeIgniter\CodeIgniter->run()
 9 SYSTEMPATH/Boot.php(67): CodeIgniter\Boot::runCodeIgniter()
10 FCPATH/index.php(56): CodeIgniter\Boot::bootWeb()
CRITICAL - 2024-05-05 17:26:06 --> Error: Call to undefined function return_data()
[Method: POST, Route: acl/datas]
in APPPATH/Views/acl/datas.php on line 10.
 1 SYSTEMPATH/View/View.php(234): include()
 2 SYSTEMPATH/View/View.php(237): CodeIgniter\View\View->CodeIgniter\View\{closure}()
 3 SYSTEMPATH/Common.php(1171): CodeIgniter\View\View->render()
 4 APPPATH/Controllers/Acl.php(19): view()
 5 SYSTEMPATH/CodeIgniter.php(933): App\Controllers\Acl->datas()
 6 SYSTEMPATH/CodeIgniter.php(509): CodeIgniter\CodeIgniter->runController()
 7 SYSTEMPATH/CodeIgniter.php(355): CodeIgniter\CodeIgniter->handleRequest()
 8 SYSTEMPATH/Boot.php(312): CodeIgniter\CodeIgniter->run()
 9 SYSTEMPATH/Boot.php(67): CodeIgniter\Boot::runCodeIgniter()
10 FCPATH/index.php(56): CodeIgniter\Boot::bootWeb()
CRITICAL - 2024-05-05 17:26:06 --> ErrorException: ini_set(): Session ini settings cannot be changed when a session is active
[Method: POST, Route: acl/history]
in SYSTEMPATH/Session/Handlers/FileHandler.php on line 74.
 1 [internal function]: CodeIgniter\Debug\Exceptions->errorHandler()
 2 SYSTEMPATH/Session/Handlers/FileHandler.php(74): ini_set()
 3 SYSTEMPATH/Config/Services.php(688): CodeIgniter\Session\Handlers\FileHandler->__construct()
 4 SYSTEMPATH/Config/BaseService.php(311): CodeIgniter\Config\Services::session()
 5 SYSTEMPATH/Config/BaseService.php(250): CodeIgniter\Config\BaseService::__callStatic()
 6 SYSTEMPATH/Config/Services.php(666): CodeIgniter\Config\BaseService::getSharedInstance()
 7 SYSTEMPATH/Config/BaseService.php(320): CodeIgniter\Config\Services::session()
 8 SYSTEMPATH/Config/BaseService.php(201): CodeIgniter\Config\BaseService::__callStatic()
 9 SYSTEMPATH/Common.php(998): CodeIgniter\Config\BaseService::get()
10 SYSTEMPATH/Common.php(971): service()
11 SYSTEMPATH/CodeIgniter.php(1062): session()
12 SYSTEMPATH/CodeIgniter.php(542): CodeIgniter\CodeIgniter->storePreviousURL()
13 SYSTEMPATH/CodeIgniter.php(355): CodeIgniter\CodeIgniter->handleRequest()
14 SYSTEMPATH/Boot.php(312): CodeIgniter\CodeIgniter->run()
15 SYSTEMPATH/Boot.php(67): CodeIgniter\Boot::runCodeIgniter()
16 FCPATH/index.php(56): CodeIgniter\Boot::bootWeb()
CRITICAL - 2024-05-05 17:29:08 --> Error: Call to undefined function return_data()
[Method: POST, Route: acl/datas]
in APPPATH/Views/acl/datas.php on line 10.
 1 SYSTEMPATH/View/View.php(234): include()
 2 SYSTEMPATH/View/View.php(237): CodeIgniter\View\View->CodeIgniter\View\{closure}()
 3 SYSTEMPATH/Common.php(1171): CodeIgniter\View\View->render()
 4 APPPATH/Controllers/Acl.php(19): view()
 5 SYSTEMPATH/CodeIgniter.php(933): App\Controllers\Acl->datas()
 6 SYSTEMPATH/CodeIgniter.php(509): CodeIgniter\CodeIgniter->runController()
 7 SYSTEMPATH/CodeIgniter.php(355): CodeIgniter\CodeIgniter->handleRequest()
 8 SYSTEMPATH/Boot.php(312): CodeIgniter\CodeIgniter->run()
 9 SYSTEMPATH/Boot.php(67): CodeIgniter\Boot::runCodeIgniter()
10 FCPATH/index.php(56): CodeIgniter\Boot::bootWeb()
CRITICAL - 2024-05-05 17:29:08 --> ErrorException: ini_set(): Session ini settings cannot be changed when a session is active
[Method: POST, Route: acl/history]
in SYSTEMPATH/Session/Handlers/FileHandler.php on line 74.
 1 [internal function]: CodeIgniter\Debug\Exceptions->errorHandler()
 2 SYSTEMPATH/Session/Handlers/FileHandler.php(74): ini_set()
 3 SYSTEMPATH/Config/Services.php(688): CodeIgniter\Session\Handlers\FileHandler->__construct()
 4 SYSTEMPATH/Config/BaseService.php(311): CodeIgniter\Config\Services::session()
 5 SYSTEMPATH/Config/BaseService.php(250): CodeIgniter\Config\BaseService::__callStatic()
 6 SYSTEMPATH/Config/Services.php(666): CodeIgniter\Config\BaseService::getSharedInstance()
 7 SYSTEMPATH/Config/BaseService.php(320): CodeIgniter\Config\Services::session()
 8 SYSTEMPATH/Config/BaseService.php(201): CodeIgniter\Config\BaseService::__callStatic()
 9 SYSTEMPATH/Common.php(998): CodeIgniter\Config\BaseService::get()
10 SYSTEMPATH/Common.php(971): service()
11 SYSTEMPATH/CodeIgniter.php(1062): session()
12 SYSTEMPATH/CodeIgniter.php(542): CodeIgniter\CodeIgniter->storePreviousURL()
13 SYSTEMPATH/CodeIgniter.php(355): CodeIgniter\CodeIgniter->handleRequest()
14 SYSTEMPATH/Boot.php(312): CodeIgniter\CodeIgniter->run()
15 SYSTEMPATH/Boot.php(67): CodeIgniter\Boot::runCodeIgniter()
16 FCPATH/index.php(56): CodeIgniter\Boot::bootWeb()
CRITICAL - 2024-05-05 17:29:56 --> Error: Call to undefined function return_data()
[Method: POST, Route: acl/datas]
in APPPATH/Views/acl/datas.php on line 10.
 1 SYSTEMPATH/View/View.php(234): include()
 2 SYSTEMPATH/View/View.php(237): CodeIgniter\View\View->CodeIgniter\View\{closure}()
 3 SYSTEMPATH/Common.php(1171): CodeIgniter\View\View->render()
 4 APPPATH/Controllers/Acl.php(19): view()
 5 SYSTEMPATH/CodeIgniter.php(933): App\Controllers\Acl->datas()
 6 SYSTEMPATH/CodeIgniter.php(509): CodeIgniter\CodeIgniter->runController()
 7 SYSTEMPATH/CodeIgniter.php(355): CodeIgniter\CodeIgniter->handleRequest()
 8 SYSTEMPATH/Boot.php(312): CodeIgniter\CodeIgniter->run()
 9 SYSTEMPATH/Boot.php(67): CodeIgniter\Boot::runCodeIgniter()
10 FCPATH/index.php(56): CodeIgniter\Boot::bootWeb()
CRITICAL - 2024-05-05 17:29:56 --> ErrorException: ini_set(): Session ini settings cannot be changed when a session is active
[Method: POST, Route: acl/history]
in SYSTEMPATH/Session/Handlers/FileHandler.php on line 74.
 1 [internal function]: CodeIgniter\Debug\Exceptions->errorHandler()
 2 SYSTEMPATH/Session/Handlers/FileHandler.php(74): ini_set()
 3 SYSTEMPATH/Config/Services.php(688): CodeIgniter\Session\Handlers\FileHandler->__construct()
 4 SYSTEMPATH/Config/BaseService.php(311): CodeIgniter\Config\Services::session()
 5 SYSTEMPATH/Config/BaseService.php(250): CodeIgniter\Config\BaseService::__callStatic()
 6 SYSTEMPATH/Config/Services.php(666): CodeIgniter\Config\BaseService::getSharedInstance()
 7 SYSTEMPATH/Config/BaseService.php(320): CodeIgniter\Config\Services::session()
 8 SYSTEMPATH/Config/BaseService.php(201): CodeIgniter\Config\BaseService::__callStatic()
 9 SYSTEMPATH/Common.php(998): CodeIgniter\Config\BaseService::get()
10 SYSTEMPATH/Common.php(971): service()
11 SYSTEMPATH/CodeIgniter.php(1062): session()
12 SYSTEMPATH/CodeIgniter.php(542): CodeIgniter\CodeIgniter->storePreviousURL()
13 SYSTEMPATH/CodeIgniter.php(355): CodeIgniter\CodeIgniter->handleRequest()
14 SYSTEMPATH/Boot.php(312): CodeIgniter\CodeIgniter->run()
15 SYSTEMPATH/Boot.php(67): CodeIgniter\Boot::runCodeIgniter()
16 FCPATH/index.php(56): CodeIgniter\Boot::bootWeb()
CRITICAL - 2024-05-05 17:36:49 --> ErrorException: include(acl/datas.php): Failed to open stream: No such file or directory
[Method: GET, Route: acl]
in APPPATH/Controllers/Acl.php on line 6.
 1 APPPATH/Controllers/Acl.php(6): CodeIgniter\Debug\Exceptions->errorHandler()
 2 APPPATH/Controllers/Acl.php(6): include()
 3 SYSTEMPATH/Router/AutoRouter.php(147): include_once('/home/cyriaque/Projets/Web/php/proxy/app/Controllers/Acl.php')
 4 SYSTEMPATH/Router/Router.php(562): CodeIgniter\Router\AutoRouter->getRoute()
 5 SYSTEMPATH/Router/Router.php(227): CodeIgniter\Router\Router->autoRoute()
 6 SYSTEMPATH/CodeIgniter.php(834): CodeIgniter\Router\Router->handle()
 7 SYSTEMPATH/CodeIgniter.php(457): CodeIgniter\CodeIgniter->tryToRouteIt()
 8 SYSTEMPATH/CodeIgniter.php(355): CodeIgniter\CodeIgniter->handleRequest()
 9 SYSTEMPATH/Boot.php(312): CodeIgniter\CodeIgniter->run()
10 SYSTEMPATH/Boot.php(67): CodeIgniter\Boot::runCodeIgniter()
11 FCPATH/index.php(56): CodeIgniter\Boot::bootWeb()
CRITICAL - 2024-05-05 17:36:52 --> ErrorException: include(acl/datas.php): Failed to open stream: No such file or directory
[Method: GET, Route: acl]
in APPPATH/Controllers/Acl.php on line 6.
 1 APPPATH/Controllers/Acl.php(6): CodeIgniter\Debug\Exceptions->errorHandler()
 2 APPPATH/Controllers/Acl.php(6): include()
 3 SYSTEMPATH/Router/AutoRouter.php(147): include_once('/home/cyriaque/Projets/Web/php/proxy/app/Controllers/Acl.php')
 4 SYSTEMPATH/Router/Router.php(562): CodeIgniter\Router\AutoRouter->getRoute()
 5 SYSTEMPATH/Router/Router.php(227): CodeIgniter\Router\Router->autoRoute()
 6 SYSTEMPATH/CodeIgniter.php(834): CodeIgniter\Router\Router->handle()
 7 SYSTEMPATH/CodeIgniter.php(457): CodeIgniter\CodeIgniter->tryToRouteIt()
 8 SYSTEMPATH/CodeIgniter.php(355): CodeIgniter\CodeIgniter->handleRequest()
 9 SYSTEMPATH/Boot.php(312): CodeIgniter\CodeIgniter->run()
10 SYSTEMPATH/Boot.php(67): CodeIgniter\Boot::runCodeIgniter()
11 FCPATH/index.php(56): CodeIgniter\Boot::bootWeb()
CRITICAL - 2024-05-05 17:37:49 --> Error: Call to undefined function return_data()
[Method: GET, Route: acl]
in APPPATH/Controllers/acl/datas.php on line 10.
 1 APPPATH/Controllers/Acl.php(6): include()
 2 SYSTEMPATH/Router/AutoRouter.php(147): include_once('/home/cyriaque/Projets/Web/php/proxy/app/Controllers/Acl.php')
 3 SYSTEMPATH/Router/Router.php(562): CodeIgniter\Router\AutoRouter->getRoute()
 4 SYSTEMPATH/Router/Router.php(227): CodeIgniter\Router\Router->autoRoute()
 5 SYSTEMPATH/CodeIgniter.php(834): CodeIgniter\Router\Router->handle()
 6 SYSTEMPATH/CodeIgniter.php(457): CodeIgniter\CodeIgniter->tryToRouteIt()
 7 SYSTEMPATH/CodeIgniter.php(355): CodeIgniter\CodeIgniter->handleRequest()
 8 SYSTEMPATH/Boot.php(312): CodeIgniter\CodeIgniter->run()
 9 SYSTEMPATH/Boot.php(67): CodeIgniter\Boot::runCodeIgniter()
10 FCPATH/index.php(56): CodeIgniter\Boot::bootWeb()
CRITICAL - 2024-05-05 17:37:53 --> Error: Call to undefined function return_data()
[Method: GET, Route: acl]
in APPPATH/Controllers/acl/datas.php on line 10.
 1 APPPATH/Controllers/Acl.php(6): include()
 2 SYSTEMPATH/Router/AutoRouter.php(147): include_once('/home/cyriaque/Projets/Web/php/proxy/app/Controllers/Acl.php')
 3 SYSTEMPATH/Router/Router.php(562): CodeIgniter\Router\AutoRouter->getRoute()
 4 SYSTEMPATH/Router/Router.php(227): CodeIgniter\Router\Router->autoRoute()
 5 SYSTEMPATH/CodeIgniter.php(834): CodeIgniter\Router\Router->handle()
 6 SYSTEMPATH/CodeIgniter.php(457): CodeIgniter\CodeIgniter->tryToRouteIt()
 7 SYSTEMPATH/CodeIgniter.php(355): CodeIgniter\CodeIgniter->handleRequest()
 8 SYSTEMPATH/Boot.php(312): CodeIgniter\CodeIgniter->run()
 9 SYSTEMPATH/Boot.php(67): CodeIgniter\Boot::runCodeIgniter()
10 FCPATH/index.php(56): CodeIgniter\Boot::bootWeb()
CRITICAL - 2024-05-05 17:38:33 --> ErrorException: session_start(): Ignoring session_start() because a session is already active
[Method: GET, Route: acl]
in APPPATH/Controllers/acl/modify.php on line 2.
 1 [internal function]: CodeIgniter\Debug\Exceptions->errorHandler()
 2 APPPATH/Controllers/acl/modify.php(2): session_start()
 3 APPPATH/Controllers/Acl.php(8): include('/home/cyriaque/Projets/Web/php/proxy/app/Controllers/acl/modify.php')
 4 SYSTEMPATH/Router/AutoRouter.php(147): include_once('/home/cyriaque/Projets/Web/php/proxy/app/Controllers/Acl.php')
 5 SYSTEMPATH/Router/Router.php(562): CodeIgniter\Router\AutoRouter->getRoute()
 6 SYSTEMPATH/Router/Router.php(227): CodeIgniter\Router\Router->autoRoute()
 7 SYSTEMPATH/CodeIgniter.php(834): CodeIgniter\Router\Router->handle()
 8 SYSTEMPATH/CodeIgniter.php(457): CodeIgniter\CodeIgniter->tryToRouteIt()
 9 SYSTEMPATH/CodeIgniter.php(355): CodeIgniter\CodeIgniter->handleRequest()
10 SYSTEMPATH/Boot.php(312): CodeIgniter\CodeIgniter->run()
11 SYSTEMPATH/Boot.php(67): CodeIgniter\Boot::runCodeIgniter()
12 FCPATH/index.php(56): CodeIgniter\Boot::bootWeb()
CRITICAL - 2024-05-05 17:39:03 --> ParseError: syntax error, unexpected token "class"
[Method: GET, Route: acl]
in APPPATH/Controllers/Acl.php on line 22.
 1 SYSTEMPATH/Router/Router.php(562): CodeIgniter\Router\AutoRouter->getRoute()
 2 SYSTEMPATH/Router/Router.php(227): CodeIgniter\Router\Router->autoRoute()
 3 SYSTEMPATH/CodeIgniter.php(834): CodeIgniter\Router\Router->handle()
 4 SYSTEMPATH/CodeIgniter.php(457): CodeIgniter\CodeIgniter->tryToRouteIt()
 5 SYSTEMPATH/CodeIgniter.php(355): CodeIgniter\CodeIgniter->handleRequest()
 6 SYSTEMPATH/Boot.php(312): CodeIgniter\CodeIgniter->run()
 7 SYSTEMPATH/Boot.php(67): CodeIgniter\Boot::runCodeIgniter()
 8 FCPATH/index.php(56): CodeIgniter\Boot::bootWeb()
CRITICAL - 2024-05-05 17:39:05 --> ParseError: syntax error, unexpected token "class"
[Method: GET, Route: acl]
in APPPATH/Controllers/Acl.php on line 22.
 1 SYSTEMPATH/Router/Router.php(562): CodeIgniter\Router\AutoRouter->getRoute()
 2 SYSTEMPATH/Router/Router.php(227): CodeIgniter\Router\Router->autoRoute()
 3 SYSTEMPATH/CodeIgniter.php(834): CodeIgniter\Router\Router->handle()
 4 SYSTEMPATH/CodeIgniter.php(457): CodeIgniter\CodeIgniter->tryToRouteIt()
 5 SYSTEMPATH/CodeIgniter.php(355): CodeIgniter\CodeIgniter->handleRequest()
 6 SYSTEMPATH/Boot.php(312): CodeIgniter\CodeIgniter->run()
 7 SYSTEMPATH/Boot.php(67): CodeIgniter\Boot::runCodeIgniter()
 8 FCPATH/index.php(56): CodeIgniter\Boot::bootWeb()
CRITICAL - 2024-05-05 17:39:06 --> ParseError: syntax error, unexpected token "class"
[Method: GET, Route: acl]
in APPPATH/Controllers/Acl.php on line 22.
 1 SYSTEMPATH/Router/Router.php(562): CodeIgniter\Router\AutoRouter->getRoute()
 2 SYSTEMPATH/Router/Router.php(227): CodeIgniter\Router\Router->autoRoute()
 3 SYSTEMPATH/CodeIgniter.php(834): CodeIgniter\Router\Router->handle()
 4 SYSTEMPATH/CodeIgniter.php(457): CodeIgniter\CodeIgniter->tryToRouteIt()
 5 SYSTEMPATH/CodeIgniter.php(355): CodeIgniter\CodeIgniter->handleRequest()
 6 SYSTEMPATH/Boot.php(312): CodeIgniter\CodeIgniter->run()
 7 SYSTEMPATH/Boot.php(67): CodeIgniter\Boot::runCodeIgniter()
 8 FCPATH/index.php(56): CodeIgniter\Boot::bootWeb()
CRITICAL - 2024-05-05 17:39:13 --> ErrorException: include(main.php): Failed to open stream: No such file or directory
[Method: GET, Route: acl]
in APPPATH/Controllers/Acl.php on line 20.
 1 APPPATH/Controllers/Acl.php(20): CodeIgniter\Debug\Exceptions->errorHandler()
 2 APPPATH/Controllers/Acl.php(20): include()
 3 SYSTEMPATH/Router/AutoRouter.php(147): include_once('/home/cyriaque/Projets/Web/php/proxy/app/Controllers/Acl.php')
 4 SYSTEMPATH/Router/Router.php(562): CodeIgniter\Router\AutoRouter->getRoute()
 5 SYSTEMPATH/Router/Router.php(227): CodeIgniter\Router\Router->autoRoute()
 6 SYSTEMPATH/CodeIgniter.php(834): CodeIgniter\Router\Router->handle()
 7 SYSTEMPATH/CodeIgniter.php(457): CodeIgniter\CodeIgniter->tryToRouteIt()
 8 SYSTEMPATH/CodeIgniter.php(355): CodeIgniter\CodeIgniter->handleRequest()
 9 SYSTEMPATH/Boot.php(312): CodeIgniter\CodeIgniter->run()
10 SYSTEMPATH/Boot.php(67): CodeIgniter\Boot::runCodeIgniter()
11 FCPATH/index.php(56): CodeIgniter\Boot::bootWeb()
CRITICAL - 2024-05-05 17:39:15 --> ErrorException: include(main.php): Failed to open stream: No such file or directory
[Method: GET, Route: acl]
in APPPATH/Controllers/Acl.php on line 20.
 1 APPPATH/Controllers/Acl.php(20): CodeIgniter\Debug\Exceptions->errorHandler()
 2 APPPATH/Controllers/Acl.php(20): include()
 3 SYSTEMPATH/Router/AutoRouter.php(147): include_once('/home/cyriaque/Projets/Web/php/proxy/app/Controllers/Acl.php')
 4 SYSTEMPATH/Router/Router.php(562): CodeIgniter\Router\AutoRouter->getRoute()
 5 SYSTEMPATH/Router/Router.php(227): CodeIgniter\Router\Router->autoRoute()
 6 SYSTEMPATH/CodeIgniter.php(834): CodeIgniter\Router\Router->handle()
 7 SYSTEMPATH/CodeIgniter.php(457): CodeIgniter\CodeIgniter->tryToRouteIt()
 8 SYSTEMPATH/CodeIgniter.php(355): CodeIgniter\CodeIgniter->handleRequest()
 9 SYSTEMPATH/Boot.php(312): CodeIgniter\CodeIgniter->run()
10 SYSTEMPATH/Boot.php(67): CodeIgniter\Boot::runCodeIgniter()
11 FCPATH/index.php(56): CodeIgniter\Boot::bootWeb()
CRITICAL - 2024-05-05 17:39:22 --> CodeIgniter\View\Exceptions\ViewException: Invalid file: "acl/acl_access_get_name.php"
[Method: GET, Route: acl/acl_access_get_name]
in SYSTEMPATH/Exceptions/FrameworkException.php on line 41.
 1 SYSTEMPATH/View/View.php(222): CodeIgniter\Exceptions\FrameworkException::forInvalidFile()
 2 SYSTEMPATH/Common.php(1171): CodeIgniter\View\View->render()
 3 APPPATH/Controllers/Acl.php(63): view()
 4 SYSTEMPATH/CodeIgniter.php(933): App\Controllers\Acl->acl_access_get_name()
 5 SYSTEMPATH/CodeIgniter.php(509): CodeIgniter\CodeIgniter->runController()
 6 SYSTEMPATH/CodeIgniter.php(355): CodeIgniter\CodeIgniter->handleRequest()
 7 SYSTEMPATH/Boot.php(312): CodeIgniter\CodeIgniter->run()
 8 SYSTEMPATH/Boot.php(67): CodeIgniter\Boot::runCodeIgniter()
 9 FCPATH/index.php(56): CodeIgniter\Boot::bootWeb()
CRITICAL - 2024-05-05 17:39:22 --> CodeIgniter\View\Exceptions\ViewException: Invalid file: "acl/acl_access_get_all_declaration.php"
[Method: GET, Route: acl/acl_access_get_all_declaration]
in SYSTEMPATH/Exceptions/FrameworkException.php on line 41.
 1 SYSTEMPATH/View/View.php(222): CodeIgniter\Exceptions\FrameworkException::forInvalidFile()
 2 SYSTEMPATH/Common.php(1171): CodeIgniter\View\View->render()
 3 APPPATH/Controllers/Acl.php(59): view()
 4 SYSTEMPATH/CodeIgniter.php(933): App\Controllers\Acl->acl_access_get_all_declaration()
 5 SYSTEMPATH/CodeIgniter.php(509): CodeIgniter\CodeIgniter->runController()
 6 SYSTEMPATH/CodeIgniter.php(355): CodeIgniter\CodeIgniter->handleRequest()
 7 SYSTEMPATH/Boot.php(312): CodeIgniter\CodeIgniter->run()
 8 SYSTEMPATH/Boot.php(67): CodeIgniter\Boot::runCodeIgniter()
 9 FCPATH/index.php(56): CodeIgniter\Boot::bootWeb()
CRITICAL - 2024-05-05 17:39:22 --> CodeIgniter\View\Exceptions\ViewException: Invalid file: "acl/datas.php"
[Method: POST, Route: acl/datas]
in SYSTEMPATH/Exceptions/FrameworkException.php on line 41.
 1 SYSTEMPATH/View/View.php(222): CodeIgniter\Exceptions\FrameworkException::forInvalidFile()
 2 SYSTEMPATH/Common.php(1171): CodeIgniter\View\View->render()
 3 APPPATH/Controllers/Acl.php(35): view()
 4 SYSTEMPATH/CodeIgniter.php(933): App\Controllers\Acl->datas()
 5 SYSTEMPATH/CodeIgniter.php(509): CodeIgniter\CodeIgniter->runController()
 6 SYSTEMPATH/CodeIgniter.php(355): CodeIgniter\CodeIgniter->handleRequest()
 7 SYSTEMPATH/Boot.php(312): CodeIgniter\CodeIgniter->run()
 8 SYSTEMPATH/Boot.php(67): CodeIgniter\Boot::runCodeIgniter()
 9 FCPATH/index.php(56): CodeIgniter\Boot::bootWeb()
CRITICAL - 2024-05-05 17:39:22 --> CodeIgniter\View\Exceptions\ViewException: Invalid file: "acl/acl_access_get_all_declaration.php"
[Method: GET, Route: acl/acl_access_get_all_declaration]
in SYSTEMPATH/Exceptions/FrameworkException.php on line 41.
 1 SYSTEMPATH/View/View.php(222): CodeIgniter\Exceptions\FrameworkException::forInvalidFile()
 2 SYSTEMPATH/Common.php(1171): CodeIgniter\View\View->render()
 3 APPPATH/Controllers/Acl.php(59): view()
 4 SYSTEMPATH/CodeIgniter.php(933): App\Controllers\Acl->acl_access_get_all_declaration()
 5 SYSTEMPATH/CodeIgniter.php(509): CodeIgniter\CodeIgniter->runController()
 6 SYSTEMPATH/CodeIgniter.php(355): CodeIgniter\CodeIgniter->handleRequest()
 7 SYSTEMPATH/Boot.php(312): CodeIgniter\CodeIgniter->run()
 8 SYSTEMPATH/Boot.php(67): CodeIgniter\Boot::runCodeIgniter()
 9 FCPATH/index.php(56): CodeIgniter\Boot::bootWeb()
CRITICAL - 2024-05-05 17:39:22 --> CodeIgniter\View\Exceptions\ViewException: Invalid file: "acl/history.php"
[Method: POST, Route: acl/history]
in SYSTEMPATH/Exceptions/FrameworkException.php on line 41.
 1 SYSTEMPATH/View/View.php(222): CodeIgniter\Exceptions\FrameworkException::forInvalidFile()
 2 SYSTEMPATH/Common.php(1171): CodeIgniter\View\View->render()
 3 APPPATH/Controllers/Acl.php(51): view()
 4 SYSTEMPATH/CodeIgniter.php(933): App\Controllers\Acl->history()
 5 SYSTEMPATH/CodeIgniter.php(509): CodeIgniter\CodeIgniter->runController()
 6 SYSTEMPATH/CodeIgniter.php(355): CodeIgniter\CodeIgniter->handleRequest()
 7 SYSTEMPATH/Boot.php(312): CodeIgniter\CodeIgniter->run()
 8 SYSTEMPATH/Boot.php(67): CodeIgniter\Boot::runCodeIgniter()
 9 FCPATH/index.php(56): CodeIgniter\Boot::bootWeb()
CRITICAL - 2024-05-05 17:39:22 --> CodeIgniter\View\Exceptions\ViewException: Invalid file: "acl/acl_access_get_active.php"
[Method: GET, Route: acl/acl_access_get_active]
in SYSTEMPATH/Exceptions/FrameworkException.php on line 41.
 1 SYSTEMPATH/View/View.php(222): CodeIgniter\Exceptions\FrameworkException::forInvalidFile()
 2 SYSTEMPATH/Common.php(1171): CodeIgniter\View\View->render()
 3 APPPATH/Controllers/Acl.php(55): view()
 4 SYSTEMPATH/CodeIgniter.php(933): App\Controllers\Acl->acl_access_get_active()
 5 SYSTEMPATH/CodeIgniter.php(509): CodeIgniter\CodeIgniter->runController()
 6 SYSTEMPATH/CodeIgniter.php(355): CodeIgniter\CodeIgniter->handleRequest()
 7 SYSTEMPATH/Boot.php(312): CodeIgniter\CodeIgniter->run()
 8 SYSTEMPATH/Boot.php(67): CodeIgniter\Boot::runCodeIgniter()
 9 FCPATH/index.php(56): CodeIgniter\Boot::bootWeb()
CRITICAL - 2024-05-05 17:39:24 --> CodeIgniter\View\Exceptions\ViewException: Invalid file: "acl/acl_access_get_name.php"
[Method: GET, Route: acl/acl_access_get_name]
in SYSTEMPATH/Exceptions/FrameworkException.php on line 41.
 1 SYSTEMPATH/View/View.php(222): CodeIgniter\Exceptions\FrameworkException::forInvalidFile()
 2 SYSTEMPATH/Common.php(1171): CodeIgniter\View\View->render()
 3 APPPATH/Controllers/Acl.php(63): view()
 4 SYSTEMPATH/CodeIgniter.php(933): App\Controllers\Acl->acl_access_get_name()
 5 SYSTEMPATH/CodeIgniter.php(509): CodeIgniter\CodeIgniter->runController()
 6 SYSTEMPATH/CodeIgniter.php(355): CodeIgniter\CodeIgniter->handleRequest()
 7 SYSTEMPATH/Boot.php(312): CodeIgniter\CodeIgniter->run()
 8 SYSTEMPATH/Boot.php(67): CodeIgniter\Boot::runCodeIgniter()
 9 FCPATH/index.php(56): CodeIgniter\Boot::bootWeb()
CRITICAL - 2024-05-05 17:39:24 --> CodeIgniter\View\Exceptions\ViewException: Invalid file: "acl/acl_access_get_all_declaration.php"
[Method: GET, Route: acl/acl_access_get_all_declaration]
in SYSTEMPATH/Exceptions/FrameworkException.php on line 41.
 1 SYSTEMPATH/View/View.php(222): CodeIgniter\Exceptions\FrameworkException::forInvalidFile()
 2 SYSTEMPATH/Common.php(1171): CodeIgniter\View\View->render()
 3 APPPATH/Controllers/Acl.php(59): view()
 4 SYSTEMPATH/CodeIgniter.php(933): App\Controllers\Acl->acl_access_get_all_declaration()
 5 SYSTEMPATH/CodeIgniter.php(509): CodeIgniter\CodeIgniter->runController()
 6 SYSTEMPATH/CodeIgniter.php(355): CodeIgniter\CodeIgniter->handleRequest()
 7 SYSTEMPATH/Boot.php(312): CodeIgniter\CodeIgniter->run()
 8 SYSTEMPATH/Boot.php(67): CodeIgniter\Boot::runCodeIgniter()
 9 FCPATH/index.php(56): CodeIgniter\Boot::bootWeb()
CRITICAL - 2024-05-05 17:39:24 --> CodeIgniter\View\Exceptions\ViewException: Invalid file: "acl/acl_access_get_active.php"
[Method: GET, Route: acl/acl_access_get_active]
in SYSTEMPATH/Exceptions/FrameworkException.php on line 41.
 1 SYSTEMPATH/View/View.php(222): CodeIgniter\Exceptions\FrameworkException::forInvalidFile()
 2 SYSTEMPATH/Common.php(1171): CodeIgniter\View\View->render()
 3 APPPATH/Controllers/Acl.php(55): view()
 4 SYSTEMPATH/CodeIgniter.php(933): App\Controllers\Acl->acl_access_get_active()
 5 SYSTEMPATH/CodeIgniter.php(509): CodeIgniter\CodeIgniter->runController()
 6 SYSTEMPATH/CodeIgniter.php(355): CodeIgniter\CodeIgniter->handleRequest()
 7 SYSTEMPATH/Boot.php(312): CodeIgniter\CodeIgniter->run()
 8 SYSTEMPATH/Boot.php(67): CodeIgniter\Boot::runCodeIgniter()
 9 FCPATH/index.php(56): CodeIgniter\Boot::bootWeb()
CRITICAL - 2024-05-05 17:39:24 --> CodeIgniter\View\Exceptions\ViewException: Invalid file: "acl/acl_access_get_all_declaration.php"
[Method: GET, Route: acl/acl_access_get_all_declaration]
in SYSTEMPATH/Exceptions/FrameworkException.php on line 41.
 1 SYSTEMPATH/View/View.php(222): CodeIgniter\Exceptions\FrameworkException::forInvalidFile()
 2 SYSTEMPATH/Common.php(1171): CodeIgniter\View\View->render()
 3 APPPATH/Controllers/Acl.php(59): view()
 4 SYSTEMPATH/CodeIgniter.php(933): App\Controllers\Acl->acl_access_get_all_declaration()
 5 SYSTEMPATH/CodeIgniter.php(509): CodeIgniter\CodeIgniter->runController()
 6 SYSTEMPATH/CodeIgniter.php(355): CodeIgniter\CodeIgniter->handleRequest()
 7 SYSTEMPATH/Boot.php(312): CodeIgniter\CodeIgniter->run()
 8 SYSTEMPATH/Boot.php(67): CodeIgniter\Boot::runCodeIgniter()
 9 FCPATH/index.php(56): CodeIgniter\Boot::bootWeb()
CRITICAL - 2024-05-05 17:39:24 --> CodeIgniter\View\Exceptions\ViewException: Invalid file: "acl/datas.php"
[Method: POST, Route: acl/datas]
in SYSTEMPATH/Exceptions/FrameworkException.php on line 41.
 1 SYSTEMPATH/View/View.php(222): CodeIgniter\Exceptions\FrameworkException::forInvalidFile()
 2 SYSTEMPATH/Common.php(1171): CodeIgniter\View\View->render()
 3 APPPATH/Controllers/Acl.php(35): view()
 4 SYSTEMPATH/CodeIgniter.php(933): App\Controllers\Acl->datas()
 5 SYSTEMPATH/CodeIgniter.php(509): CodeIgniter\CodeIgniter->runController()
 6 SYSTEMPATH/CodeIgniter.php(355): CodeIgniter\CodeIgniter->handleRequest()
 7 SYSTEMPATH/Boot.php(312): CodeIgniter\CodeIgniter->run()
 8 SYSTEMPATH/Boot.php(67): CodeIgniter\Boot::runCodeIgniter()
 9 FCPATH/index.php(56): CodeIgniter\Boot::bootWeb()
CRITICAL - 2024-05-05 17:39:24 --> CodeIgniter\View\Exceptions\ViewException: Invalid file: "acl/history.php"
[Method: POST, Route: acl/history]
in SYSTEMPATH/Exceptions/FrameworkException.php on line 41.
 1 SYSTEMPATH/View/View.php(222): CodeIgniter\Exceptions\FrameworkException::forInvalidFile()
 2 SYSTEMPATH/Common.php(1171): CodeIgniter\View\View->render()
 3 APPPATH/Controllers/Acl.php(51): view()
 4 SYSTEMPATH/CodeIgniter.php(933): App\Controllers\Acl->history()
 5 SYSTEMPATH/CodeIgniter.php(509): CodeIgniter\CodeIgniter->runController()
 6 SYSTEMPATH/CodeIgniter.php(355): CodeIgniter\CodeIgniter->handleRequest()
 7 SYSTEMPATH/Boot.php(312): CodeIgniter\CodeIgniter->run()
 8 SYSTEMPATH/Boot.php(67): CodeIgniter\Boot::runCodeIgniter()
 9 FCPATH/index.php(56): CodeIgniter\Boot::bootWeb()
